2015/03/18 21:48:35 [error] [exception.CHttpException.404] exception 'CHttpException' with message 'Unable to resolve the request "images/slide.jpg".' in /opt/lampp/htdocs/dodmediagroup/frameworks/yii/1.1.16/web/CWebApplication.php:286
Stack trace:
#0 /opt/lampp/htdocs/dodmediagroup/frameworks/yii/1.1.16/web/CWebApplication.php(141): CWebApplication->runController('images/slide.jp...')
#1 /opt/lampp/htdocs/dodmediagroup/frameworks/yii/1.1.16/base/CApplication.php(184): CWebApplication->processRequest()
#2 /opt/lampp/htdocs/dodmediagroup/projects/natural_drops/project/index.php(13): CApplication->run()
#3 {main}
REQUEST_URI=/dodmediagroup/projects/natural_drops/project/images/slide.jpg
HTTP_REFERER=http://localhost:8080/dodmediagroup/projects/natural_drops/project/
---
2015/03/18 21:53:56 [error] [php] Undefined variable: ruta (/opt/lampp/htdocs/dodmediagroup/projects/natural_drops/project/protected/views/layouts/_menu.php:5)
Stack trace:
#0 /opt/lampp/htdocs/dodmediagroup/frameworks/yii/1.1.16/web/CController.php(869): SiteController->renderFile()
#1 /opt/lampp/htdocs/dodmediagroup/projects/natural_drops/project/protected/views/layouts/main.php(27): SiteController->renderPartial()
#2 /opt/lampp/htdocs/dodmediagroup/frameworks/yii/1.1.16/web/CBaseController.php(126): require()
#3 /opt/lampp/htdocs/dodmediagroup/frameworks/yii/1.1.16/web/CBaseController.php(95): SiteController->renderInternal()
#4 /opt/lampp/htdocs/dodmediagroup/frameworks/yii/1.1.16/web/CController.php(784): SiteController->renderFile()
#5 /opt/lampp/htdocs/dodmediagroup/projects/natural_drops/project/protected/controllers/SiteController.php(31): SiteController->render()
#6 /opt/lampp/htdocs/dodmediagroup/frameworks/yii/1.1.16/web/actions/CInlineAction.php(49): SiteController->actionIndex()
#7 /opt/lampp/htdocs/dodmediagroup/frameworks/yii/1.1.16/web/CController.php(308): CInlineAction->runWithParams()
#8 /opt/lampp/htdocs/dodmediagroup/frameworks/yii/1.1.16/web/CController.php(286): SiteController->runAction()
#9 /opt/lampp/htdocs/dodmediagroup/frameworks/yii/1.1.16/web/CController.php(265): SiteController->runActionWithFilters()
#10 /opt/lampp/htdocs/dodmediagroup/frameworks/yii/1.1.16/web/CWebApplication.php(282): SiteController->run()
#11 /opt/lampp/htdocs/dodmediagroup/frameworks/yii/1.1.16/web/CWebApplication.php(141): CWebApplication->runController()
#12 /opt/lampp/htdocs/dodmediagroup/frameworks/yii/1.1.16/base/CApplication.php(184): CWebApplication->processRequest()
#13 /opt/lampp/htdocs/dodmediagroup/projects/natural_drops/project/index.php(13): CWebApplication->run()
REQUEST_URI=/dodmediagroup/projects/natural_drops/project/
in /opt/lampp/htdocs/dodmediagroup/projects/natural_drops/project/protected/views/layouts/_menu.php (5)
in /opt/lampp/htdocs/dodmediagroup/projects/natural_drops/project/protected/views/layouts/main.php (27)
in /opt/lampp/htdocs/dodmediagroup/projects/natural_drops/project/protected/controllers/SiteController.php (31)
2015/03/18 21:59:38 [error] [exception.CException] exception 'CException' with message 'SiteController cannot find the requested view "//layouts/_footer".' in /opt/lampp/htdocs/dodmediagroup/frameworks/yii/1.1.16/web/CController.php:878
Stack trace:
#0 /opt/lampp/htdocs/dodmediagroup/projects/natural_drops/project/protected/views/layouts/main.php(35): CController->renderPartial('//layouts/_foot...')
#1 /opt/lampp/htdocs/dodmediagroup/frameworks/yii/1.1.16/web/CBaseController.php(126): require('/opt/lampp/htdo...')
#2 /opt/lampp/htdocs/dodmediagroup/frameworks/yii/1.1.16/web/CBaseController.php(95): CBaseController->renderInternal('/opt/lampp/htdo...', Array, true)
#3 /opt/lampp/htdocs/dodmediagroup/frameworks/yii/1.1.16/web/CController.php(784): CBaseController->renderFile('/opt/lampp/htdo...', Array, true)
#4 /opt/lampp/htdocs/dodmediagroup/projects/natural_drops/project/protected/controllers/SiteController.php(31): CController->render('index')
#5 /opt/lampp/htdocs/dodmediagroup/frameworks/yii/1.1.16/web/actions/CInlineAction.php(49): SiteController->actionIndex()
#6 /opt/lampp/htdocs/dodmediagroup/frameworks/yii/1.1.16/web/CController.php(308): CInlineAction->runWithParams(Array)
#7 /opt/lampp/htdocs/dodmediagroup/frameworks/yii/1.1.16/web/CController.php(286): CController->runAction(Object(CInlineAction))
#8 /opt/lampp/htdocs/dodmediagroup/frameworks/yii/1.1.16/web/CController.php(265): CController->runActionWithFilters(Object(CInlineAction), Array)
#9 /opt/lampp/htdocs/dodmediagroup/frameworks/yii/1.1.16/web/CWebApplication.php(282): CController->run('')
#10 /opt/lampp/htdocs/dodmediagroup/frameworks/yii/1.1.16/web/CWebApplication.php(141): CWebApplication->runController('')
#11 /opt/lampp/htdocs/dodmediagroup/frameworks/yii/1.1.16/base/CApplication.php(184): CWebApplication->processRequest()
#12 /opt/lampp/htdocs/dodmediagroup/projects/natural_drops/project/index.php(13): CApplication->run()
#13 {main}
REQUEST_URI=/dodmediagroup/projects/natural_drops/project/
HTTP_REFERER=http://localhost:8080/dodmediagroup/projects/natural_drops/
---
2015/03/19 00:36:22 [error] [exception.CHttpException.404] exception 'CHttpException' with message 'Unable to resolve the request "images/blog.jpg".' in /opt/lampp/htdocs/dodmediagroup/frameworks/yii/1.1.16/web/CWebApplication.php:286
Stack trace:
#0 /opt/lampp/htdocs/dodmediagroup/frameworks/yii/1.1.16/web/CWebApplication.php(141): CWebApplication->runController('images/blog.jpg')
#1 /opt/lampp/htdocs/dodmediagroup/frameworks/yii/1.1.16/base/CApplication.php(184): CWebApplication->processRequest()
#2 /opt/lampp/htdocs/dodmediagroup/projects/natural_drops/project/index.php(13): CApplication->run()
#3 {main}
REQUEST_URI=/dodmediagroup/projects/natural_drops/project/images/blog.jpg
HTTP_REFERER=http://localhost:8080/dodmediagroup/projects/natural_drops/project/
---
2015/03/19 00:36:22 [error] [exception.CHttpException.404] exception 'CHttpException' with message 'Unable to resolve the request "images/1.png".' in /opt/lampp/htdocs/dodmediagroup/frameworks/yii/1.1.16/web/CWebApplication.php:286
Stack trace:
#0 /opt/lampp/htdocs/dodmediagroup/frameworks/yii/1.1.16/web/CWebApplication.php(141): CWebApplication->runController('images/1.png')
#1 /opt/lampp/htdocs/dodmediagroup/frameworks/yii/1.1.16/base/CApplication.php(184): CWebApplication->processRequest()
#2 /opt/lampp/htdocs/dodmediagroup/projects/natural_drops/project/index.php(13): CApplication->run()
#3 {main}
REQUEST_URI=/dodmediagroup/projects/natural_drops/project/images/1.png
HTTP_REFERER=http://localhost:8080/dodmediagroup/projects/natural_drops/project/
---
2015/03/19 00:36:57 [error] [exception.CHttpException.404] exception 'CHttpException' with message 'Unable to resolve the request "images/blog.jpg".' in /opt/lampp/htdocs/dodmediagroup/frameworks/yii/1.1.16/web/CWebApplication.php:286
Stack trace:
#0 /opt/lampp/htdocs/dodmediagroup/frameworks/yii/1.1.16/web/CWebApplication.php(141): CWebApplication->runController('images/blog.jpg')
#1 /opt/lampp/htdocs/dodmediagroup/frameworks/yii/1.1.16/base/CApplication.php(184): CWebApplication->processRequest()
#2 /opt/lampp/htdocs/dodmediagroup/projects/natural_drops/project/index.php(13): CApplication->run()
#3 {main}
REQUEST_URI=/dodmediagroup/projects/natural_drops/project/images/blog.jpg
HTTP_REFERER=http://localhost:8080/dodmediagroup/projects/natural_drops/project/
---
2015/03/19 03:36:13 [error] [exception.CHttpException.404] exception 'CHttpException' with message 'The system is unable to find the requested action "nosotros".' in /opt/lampp/htdocs/dodmediagroup/frameworks/yii/1.1.16/web/CController.php:483
Stack trace:
#0 /opt/lampp/htdocs/dodmediagroup/frameworks/yii/1.1.16/web/CController.php(270): CController->missingAction('nosotros')
#1 /opt/lampp/htdocs/dodmediagroup/frameworks/yii/1.1.16/web/CWebApplication.php(282): CController->run('nosotros')
#2 /opt/lampp/htdocs/dodmediagroup/frameworks/yii/1.1.16/web/CWebApplication.php(141): CWebApplication->runController('site/nosotros')
#3 /opt/lampp/htdocs/dodmediagroup/frameworks/yii/1.1.16/base/CApplication.php(184): CWebApplication->processRequest()
#4 /opt/lampp/htdocs/dodmediagroup/projects/natural_drops/project/index.php(13): CApplication->run()
#5 {main}
REQUEST_URI=/dodmediagroup/projects/natural_drops/project/nosotros
HTTP_REFERER=http://localhost:8080/dodmediagroup/projects/natural_drops/project/
---
2015/03/19 04:00:41 [error] [php] include(Team.php): failed to open stream: No existe el archivo o el directorio (/opt/lampp/htdocs/dodmediagroup/frameworks/yii/1.1.16/YiiBase.php:432)
Stack trace:
#0 /opt/lampp/htdocs/dodmediagroup/projects/natural_drops/project/protected/controllers/SiteController.php(42): spl_autoload_call()
#1 /opt/lampp/htdocs/dodmediagroup/frameworks/yii/1.1.16/web/actions/CInlineAction.php(49): SiteController->actionNosotros()
#2 /opt/lampp/htdocs/dodmediagroup/frameworks/yii/1.1.16/web/CController.php(308): CInlineAction->runWithParams()
#3 /opt/lampp/htdocs/dodmediagroup/frameworks/yii/1.1.16/web/CController.php(286): SiteController->runAction()
#4 /opt/lampp/htdocs/dodmediagroup/frameworks/yii/1.1.16/web/CController.php(265): SiteController->runActionWithFilters()
#5 /opt/lampp/htdocs/dodmediagroup/frameworks/yii/1.1.16/web/CWebApplication.php(282): SiteController->run()
#6 /opt/lampp/htdocs/dodmediagroup/frameworks/yii/1.1.16/web/CWebApplication.php(141): CWebApplication->runController()
#7 /opt/lampp/htdocs/dodmediagroup/frameworks/yii/1.1.16/base/CApplication.php(184): CWebApplication->processRequest()
#8 /opt/lampp/htdocs/dodmediagroup/projects/natural_drops/project/index.php(13): CWebApplication->run()
REQUEST_URI=/dodmediagroup/projects/natural_drops/project/nosotros
in /opt/lampp/htdocs/dodmediagroup/projects/natural_drops/project/protected/controllers/SiteController.php (42)
in /opt/lampp/htdocs/dodmediagroup/projects/natural_drops/project/index.php (13)
2015/03/19 04:00:43 [error] [php] include(Team.php): failed to open stream: No existe el archivo o el directorio (/opt/lampp/htdocs/dodmediagroup/frameworks/yii/1.1.16/YiiBase.php:432)
Stack trace:
#0 /opt/lampp/htdocs/dodmediagroup/projects/natural_drops/project/protected/controllers/SiteController.php(42): spl_autoload_call()
#1 /opt/lampp/htdocs/dodmediagroup/frameworks/yii/1.1.16/web/actions/CInlineAction.php(49): SiteController->actionNosotros()
#2 /opt/lampp/htdocs/dodmediagroup/frameworks/yii/1.1.16/web/CController.php(308): CInlineAction->runWithParams()
#3 /opt/lampp/htdocs/dodmediagroup/frameworks/yii/1.1.16/web/CController.php(286): SiteController->runAction()
#4 /opt/lampp/htdocs/dodmediagroup/frameworks/yii/1.1.16/web/CController.php(265): SiteController->runActionWithFilters()
#5 /opt/lampp/htdocs/dodmediagroup/frameworks/yii/1.1.16/web/CWebApplication.php(282): SiteController->run()
#6 /opt/lampp/htdocs/dodmediagroup/frameworks/yii/1.1.16/web/CWebApplication.php(141): CWebApplication->runController()
#7 /opt/lampp/htdocs/dodmediagroup/frameworks/yii/1.1.16/base/CApplication.php(184): CWebApplication->processRequest()
#8 /opt/lampp/htdocs/dodmediagroup/projects/natural_drops/project/index.php(13): CWebApplication->run()
REQUEST_URI=/dodmediagroup/projects/natural_drops/project/nosotros
in /opt/lampp/htdocs/dodmediagroup/projects/natural_drops/project/protected/controllers/SiteController.php (42)
in /opt/lampp/htdocs/dodmediagroup/projects/natural_drops/project/index.php (13)
2015/03/19 04:03:00 [error] [exception.CHttpException.404] exception 'CHttpException' with message 'The system is unable to find the requested action "beneficios".' in /opt/lampp/htdocs/dodmediagroup/frameworks/yii/1.1.16/web/CController.php:483
Stack trace:
#0 /opt/lampp/htdocs/dodmediagroup/frameworks/yii/1.1.16/web/CController.php(270): CController->missingAction('beneficios')
#1 /opt/lampp/htdocs/dodmediagroup/frameworks/yii/1.1.16/web/CWebApplication.php(282): CController->run('beneficios')
#2 /opt/lampp/htdocs/dodmediagroup/frameworks/yii/1.1.16/web/CWebApplication.php(141): CWebApplication->runController('site/beneficios')
#3 /opt/lampp/htdocs/dodmediagroup/frameworks/yii/1.1.16/base/CApplication.php(184): CWebApplication->processRequest()
#4 /opt/lampp/htdocs/dodmediagroup/projects/natural_drops/project/index.php(13): CApplication->run()
#5 {main}
REQUEST_URI=/dodmediagroup/projects/natural_drops/project/beneficios
HTTP_REFERER=http://localhost:8080/dodmediagroup/projects/natural_drops/project/nosotros
---
2015/03/19 04:07:02 [error] [exception.CHttpException.404] exception 'CHttpException' with message 'The system is unable to find the requested action "beneficios".' in /opt/lampp/htdocs/dodmediagroup/frameworks/yii/1.1.16/web/CController.php:483
Stack trace:
#0 /opt/lampp/htdocs/dodmediagroup/frameworks/yii/1.1.16/web/CController.php(270): CController->missingAction('beneficios')
#1 /opt/lampp/htdocs/dodmediagroup/frameworks/yii/1.1.16/web/CWebApplication.php(282): CController->run('beneficios')
#2 /opt/lampp/htdocs/dodmediagroup/frameworks/yii/1.1.16/web/CWebApplication.php(141): CWebApplication->runController('site/beneficios')
#3 /opt/lampp/htdocs/dodmediagroup/frameworks/yii/1.1.16/base/CApplication.php(184): CWebApplication->processRequest()
#4 /opt/lampp/htdocs/dodmediagroup/projects/natural_drops/project/index.php(13): CApplication->run()
#5 {main}
REQUEST_URI=/dodmediagroup/projects/natural_drops/project/beneficios
HTTP_REFERER=http://localhost:8080/dodmediagroup/projects/natural_drops/project/nosotros
---
2015/03/19 04:50:36 [error] [exception.CHttpException.404] exception 'CHttpException' with message 'The system is unable to find the requested action "puntos_venta".' in /opt/lampp/htdocs/dodmediagroup/frameworks/yii/1.1.16/web/CController.php:483
Stack trace:
#0 /opt/lampp/htdocs/dodmediagroup/frameworks/yii/1.1.16/web/CController.php(270): CController->missingAction('puntos_venta')
#1 /opt/lampp/htdocs/dodmediagroup/frameworks/yii/1.1.16/web/CWebApplication.php(282): CController->run('puntos_venta')
#2 /opt/lampp/htdocs/dodmediagroup/frameworks/yii/1.1.16/web/CWebApplication.php(141): CWebApplication->runController('site/puntos_ven...')
#3 /opt/lampp/htdocs/dodmediagroup/frameworks/yii/1.1.16/base/CApplication.php(184): CWebApplication->processRequest()
#4 /opt/lampp/htdocs/dodmediagroup/projects/natural_drops/project/index.php(13): CApplication->run()
#5 {main}
REQUEST_URI=/dodmediagroup/projects/natural_drops/project/puntos_venta
HTTP_REFERER=http://localhost:8080/dodmediagroup/projects/natural_drops/project/beneficios
---
2015/03/19 05:09:38 [error] [exception.CHttpException.404] exception 'CHttpException' with message 'The system is unable to find the requested action "productos".' in /opt/lampp/htdocs/dodmediagroup/frameworks/yii/1.1.16/web/CController.php:483
Stack trace:
#0 /opt/lampp/htdocs/dodmediagroup/frameworks/yii/1.1.16/web/CController.php(270): CController->missingAction('productos')
#1 /opt/lampp/htdocs/dodmediagroup/frameworks/yii/1.1.16/web/CWebApplication.php(282): CController->run('productos')
#2 /opt/lampp/htdocs/dodmediagroup/frameworks/yii/1.1.16/web/CWebApplication.php(141): CWebApplication->runController('site/productos')
#3 /opt/lampp/htdocs/dodmediagroup/frameworks/yii/1.1.16/base/CApplication.php(184): CWebApplication->processRequest()
#4 /opt/lampp/htdocs/dodmediagroup/projects/natural_drops/project/index.php(13): CApplication->run()
#5 {main}
REQUEST_URI=/dodmediagroup/projects/natural_drops/project/productos
HTTP_REFERER=http://localhost:8080/dodmediagroup/projects/natural_drops/project/beneficios
---
2015/03/19 05:24:51 [error] [exception.CHttpException.404] exception 'CHttpException' with message 'The system is unable to find the requested action "blog".' in /opt/lampp/htdocs/dodmediagroup/frameworks/yii/1.1.16/web/CController.php:483
Stack trace:
#0 /opt/lampp/htdocs/dodmediagroup/frameworks/yii/1.1.16/web/CController.php(270): CController->missingAction('blog')
#1 /opt/lampp/htdocs/dodmediagroup/frameworks/yii/1.1.16/web/CWebApplication.php(282): CController->run('blog')
#2 /opt/lampp/htdocs/dodmediagroup/frameworks/yii/1.1.16/web/CWebApplication.php(141): CWebApplication->runController('site/blog')
#3 /opt/lampp/htdocs/dodmediagroup/frameworks/yii/1.1.16/base/CApplication.php(184): CWebApplication->processRequest()
#4 /opt/lampp/htdocs/dodmediagroup/projects/natural_drops/project/index.php(13): CApplication->run()
#5 {main}
REQUEST_URI=/dodmediagroup/projects/natural_drops/project/blog
HTTP_REFERER=http://localhost:8080/dodmediagroup/projects/natural_drops/project/puntos_venta
---
2015/03/19 05:27:46 [error] [exception.CHttpException.404] exception 'CHttpException' with message 'Unable to resolve the request "images/blog.jpg".' in /opt/lampp/htdocs/dodmediagroup/frameworks/yii/1.1.16/web/CWebApplication.php:286
Stack trace:
#0 /opt/lampp/htdocs/dodmediagroup/frameworks/yii/1.1.16/web/CWebApplication.php(141): CWebApplication->runController('images/blog.jpg')
#1 /opt/lampp/htdocs/dodmediagroup/frameworks/yii/1.1.16/base/CApplication.php(184): CWebApplication->processRequest()
#2 /opt/lampp/htdocs/dodmediagroup/projects/natural_drops/project/index.php(13): CApplication->run()
#3 {main}
REQUEST_URI=/dodmediagroup/projects/natural_drops/project/images/blog.jpg
HTTP_REFERER=http://localhost:8080/dodmediagroup/projects/natural_drops/project/blog
---
2015/03/19 05:29:59 [error] [exception.CHttpException.404] exception 'CHttpException' with message 'Unable to resolve the request "blog/view".' in /opt/lampp/htdocs/dodmediagroup/frameworks/yii/1.1.16/web/CWebApplication.php:286
Stack trace:
#0 /opt/lampp/htdocs/dodmediagroup/frameworks/yii/1.1.16/web/CWebApplication.php(141): CWebApplication->runController('blog/view')
#1 /opt/lampp/htdocs/dodmediagroup/frameworks/yii/1.1.16/base/CApplication.php(184): CWebApplication->processRequest()
#2 /opt/lampp/htdocs/dodmediagroup/projects/natural_drops/project/index.php(13): CApplication->run()
#3 {main}
REQUEST_URI=/dodmediagroup/projects/natural_drops/project/blog/2_ya_puede_comenzar_el_estudio_clinico_con_cannabis_en_la_enfermedad_de_celulas_falciformes
HTTP_REFERER=http://localhost:8080/dodmediagroup/projects/natural_drops/project/blog
---
2015/03/19 05:32:20 [error] [exception.CHttpException.404] exception 'CHttpException' with message 'Unable to resolve the request "blog/view".' in /opt/lampp/htdocs/dodmediagroup/frameworks/yii/1.1.16/web/CWebApplication.php:286
Stack trace:
#0 /opt/lampp/htdocs/dodmediagroup/frameworks/yii/1.1.16/web/CWebApplication.php(141): CWebApplication->runController('blog/view')
#1 /opt/lampp/htdocs/dodmediagroup/frameworks/yii/1.1.16/base/CApplication.php(184): CWebApplication->processRequest()
#2 /opt/lampp/htdocs/dodmediagroup/projects/natural_drops/project/index.php(13): CApplication->run()
#3 {main}
REQUEST_URI=/dodmediagroup/projects/natural_drops/project/blog/1_ecojardin_un_lugar_que_expora_los_beneficios_de_la_marihuana_medicinal
HTTP_REFERER=http://localhost:8080/dodmediagroup/projects/natural_drops/project/blog
---
2015/03/19 05:33:26 [error] [exception.CHttpException.404] exception 'CHttpException' with message 'Unable to resolve the request "blog/view".' in /opt/lampp/htdocs/dodmediagroup/frameworks/yii/1.1.16/web/CWebApplication.php:286
Stack trace:
#0 /opt/lampp/htdocs/dodmediagroup/frameworks/yii/1.1.16/web/CWebApplication.php(141): CWebApplication->runController('blog/view')
#1 /opt/lampp/htdocs/dodmediagroup/frameworks/yii/1.1.16/base/CApplication.php(184): CWebApplication->processRequest()
#2 /opt/lampp/htdocs/dodmediagroup/projects/natural_drops/project/index.php(13): CApplication->run()
#3 {main}
REQUEST_URI=/dodmediagroup/projects/natural_drops/project/blog/ya_puede_comenzar_el_estudio_clinico_con_cannabis_en_la_enfermedad_de_celulas_falciformes
HTTP_REFERER=http://localhost:8080/dodmediagroup/projects/natural_drops/project/blog
---
2015/03/19 05:33:36 [error] [exception.CHttpException.404] exception 'CHttpException' with message 'Unable to resolve the request "blog/view".' in /opt/lampp/htdocs/dodmediagroup/frameworks/yii/1.1.16/web/CWebApplication.php:286
Stack trace:
#0 /opt/lampp/htdocs/dodmediagroup/frameworks/yii/1.1.16/web/CWebApplication.php(141): CWebApplication->runController('blog/view')
#1 /opt/lampp/htdocs/dodmediagroup/frameworks/yii/1.1.16/base/CApplication.php(184): CWebApplication->processRequest()
#2 /opt/lampp/htdocs/dodmediagroup/projects/natural_drops/project/index.php(13): CApplication->run()
#3 {main}
REQUEST_URI=/dodmediagroup/projects/natural_drops/project/blog/ya_puede_comenzar_el_estudio_clinico_con_cannabis_en_la_enfermedad_de_celulas_falciformes
HTTP_REFERER=http://localhost:8080/dodmediagroup/projects/natural_drops/project/
---
2015/03/19 05:40:43 [error] [exception.CException] exception 'CException' with message 'Property "Users.source" is not defined.' in /opt/lampp/htdocs/dodmediagroup/frameworks/yii/1.1.16/base/CComponent.php:130
Stack trace:
#0 /opt/lampp/htdocs/dodmediagroup/frameworks/yii/1.1.16/db/ar/CActiveRecord.php(145): CComponent->__get('source')
#1 /opt/lampp/htdocs/dodmediagroup/projects/natural_drops/project/protected/views/blog/view.php(20): CActiveRecord->__get('source')
#2 /opt/lampp/htdocs/dodmediagroup/frameworks/yii/1.1.16/web/CBaseController.php(126): require('/opt/lampp/htdo...')
#3 /opt/lampp/htdocs/dodmediagroup/frameworks/yii/1.1.16/web/CBaseController.php(95): CBaseController->renderInternal('/opt/lampp/htdo...', Array, true)
#4 /opt/lampp/htdocs/dodmediagroup/frameworks/yii/1.1.16/web/CController.php(869): CBaseController->renderFile('/opt/lampp/htdo...', Array, true)
#5 /opt/lampp/htdocs/dodmediagroup/frameworks/yii/1.1.16/web/CController.php(782): CController->renderPartial('view', Array, true)
#6 /opt/lampp/htdocs/dodmediagroup/projects/natural_drops/project/protected/controllers/BlogController.php(48): CController->render('view', Array)
#7 [internal function]: BlogController->actionView('ya_puede_comenz...')
#8 /opt/lampp/htdocs/dodmediagroup/frameworks/yii/1.1.16/web/actions/CAction.php(109): ReflectionMethod->invokeArgs(Object(BlogController), Array)
#9 /opt/lampp/htdocs/dodmediagroup/frameworks/yii/1.1.16/web/actions/CInlineAction.php(47): CAction->runWithParamsInternal(Object(BlogController), Object(ReflectionMethod), Array)
#10 /opt/lampp/htdocs/dodmediagroup/frameworks/yii/1.1.16/web/CController.php(308): CInlineAction->runWithParams(Array)
#11 /opt/lampp/htdocs/dodmediagroup/frameworks/yii/1.1.16/web/filters/CFilterChain.php(133): CController->runAction(Object(CInlineAction))
#12 /opt/lampp/htdocs/dodmediagroup/frameworks/yii/1.1.16/web/filters/CFilter.php(40): CFilterChain->run()
#13 /opt/lampp/htdocs/dodmediagroup/frameworks/yii/1.1.16/web/CController.php(1145): CFilter->filter(Object(CFilterChain))
#14 /opt/lampp/htdocs/dodmediagroup/frameworks/yii/1.1.16/web/filters/CInlineFilter.php(58): CController->filterAccessControl(Object(CFilterChain))
#15 /opt/lampp/htdocs/dodmediagroup/frameworks/yii/1.1.16/web/filters/CFilterChain.php(130): CInlineFilter->filter(Object(CFilterChain))
#16 /opt/lampp/htdocs/dodmediagroup/frameworks/yii/1.1.16/web/CController.php(291): CFilterChain->run()
#17 /opt/lampp/htdocs/dodmediagroup/frameworks/yii/1.1.16/web/CController.php(265): CController->runActionWithFilters(Object(CInlineAction), Array)
#18 /opt/lampp/htdocs/dodmediagroup/frameworks/yii/1.1.16/web/CWebApplication.php(282): CController->run('view')
#19 /opt/lampp/htdocs/dodmediagroup/frameworks/yii/1.1.16/web/CWebApplication.php(141): CWebApplication->runController('blog/view')
#20 /opt/lampp/htdocs/dodmediagroup/frameworks/yii/1.1.16/base/CApplication.php(184): CWebApplication->processRequest()
#21 /opt/lampp/htdocs/dodmediagroup/projects/natural_drops/project/index.php(13): CApplication->run()
#22 {main}
REQUEST_URI=/dodmediagroup/projects/natural_drops/project/blog/ya_puede_comenzar_el_estudio_clinico_con_cannabis_en_la_enfermedad_de_celulas_falciformes
---
2015/03/19 05:40:59 [error] [exception.CHttpException.404] exception 'CHttpException' with message 'The system is unable to find the requested action "images".' in /opt/lampp/htdocs/dodmediagroup/frameworks/yii/1.1.16/web/CController.php:483
Stack trace:
#0 /opt/lampp/htdocs/dodmediagroup/frameworks/yii/1.1.16/web/CController.php(270): CController->missingAction('images')
#1 /opt/lampp/htdocs/dodmediagroup/frameworks/yii/1.1.16/web/CWebApplication.php(282): CController->run('images')
#2 /opt/lampp/htdocs/dodmediagroup/frameworks/yii/1.1.16/web/CWebApplication.php(141): CWebApplication->runController('blog/images/ite...')
#3 /opt/lampp/htdocs/dodmediagroup/frameworks/yii/1.1.16/base/CApplication.php(184): CWebApplication->processRequest()
#4 /opt/lampp/htdocs/dodmediagroup/projects/natural_drops/project/index.php(13): CApplication->run()
#5 {main}
REQUEST_URI=/dodmediagroup/projects/natural_drops/project/blog/images/item.png
HTTP_REFERER=http://localhost:8080/dodmediagroup/projects/natural_drops/project/blog/ya_puede_comenzar_el_estudio_clinico_con_cannabis_en_la_enfermedad_de_celulas_falciformes
---
2015/03/19 05:44:00 [error] [exception.CHttpException.404] exception 'CHttpException' with message 'The system is unable to find the requested action "preguntas_frecuentes".' in /opt/lampp/htdocs/dodmediagroup/frameworks/yii/1.1.16/web/CController.php:483
Stack trace:
#0 /opt/lampp/htdocs/dodmediagroup/frameworks/yii/1.1.16/web/CController.php(270): CController->missingAction('preguntas_frecu...')
#1 /opt/lampp/htdocs/dodmediagroup/frameworks/yii/1.1.16/web/CWebApplication.php(282): CController->run('preguntas_frecu...')
#2 /opt/lampp/htdocs/dodmediagroup/frameworks/yii/1.1.16/web/CWebApplication.php(141): CWebApplication->runController('site/preguntas_...')
#3 /opt/lampp/htdocs/dodmediagroup/frameworks/yii/1.1.16/base/CApplication.php(184): CWebApplication->processRequest()
#4 /opt/lampp/htdocs/dodmediagroup/projects/natural_drops/project/index.php(13): CApplication->run()
#5 {main}
REQUEST_URI=/dodmediagroup/projects/natural_drops/project/preguntas_frecuentes
HTTP_REFERER=http://localhost:8080/dodmediagroup/projects/natural_drops/project/blog
---
2015/03/20 16:57:07 [error] [exception.CHttpException.404] exception 'CHttpException' with message 'Unable to resolve the request "images/logos/logo.s".' in /opt/lampp/htdocs/dodmediagroup/frameworks/yii/1.1.16/web/CWebApplication.php:286
Stack trace:
#0 /opt/lampp/htdocs/dodmediagroup/frameworks/yii/1.1.16/web/CWebApplication.php(141): CWebApplication->runController('images/logos/lo...')
#1 /opt/lampp/htdocs/dodmediagroup/frameworks/yii/1.1.16/base/CApplication.php(184): CWebApplication->processRequest()
#2 /opt/lampp/htdocs/dodmediagroup/projects/natural_drops/project/index.php(13): CApplication->run()
#3 {main}
REQUEST_URI=/dodmediagroup/projects/natural_drops/project/images/logos/logo.s
HTTP_REFERER=http://localhost:8080/dodmediagroup/projects/natural_drops/project/css/main.css
---
2015/03/20 16:57:08 [error] [exception.CHttpException.404] exception 'CHttpException' with message 'Unable to resolve the request "images/logos/logo.sv".' in /opt/lampp/htdocs/dodmediagroup/frameworks/yii/1.1.16/web/CWebApplication.php:286
Stack trace:
#0 /opt/lampp/htdocs/dodmediagroup/frameworks/yii/1.1.16/web/CWebApplication.php(141): CWebApplication->runController('images/logos/lo...')
#1 /opt/lampp/htdocs/dodmediagroup/frameworks/yii/1.1.16/base/CApplication.php(184): CWebApplication->processRequest()
#2 /opt/lampp/htdocs/dodmediagroup/projects/natural_drops/project/index.php(13): CApplication->run()
#3 {main}
REQUEST_URI=/dodmediagroup/projects/natural_drops/project/images/logos/logo.sv
HTTP_REFERER=http://localhost:8080/dodmediagroup/projects/natural_drops/project/css/main.css
---
2015/03/31 21:47:25 [error] [exception.CHttpException.404] exception 'CHttpException' with message 'Unable to resolve the request "natural_admin".' in /opt/lampp/htdocs/dodmediagroup/frameworks/yii/1.1.16/web/CWebApplication.php:286
Stack trace:
#0 /opt/lampp/htdocs/dodmediagroup/frameworks/yii/1.1.16/web/CWebApplication.php(141): CWebApplication->runController('natural_admin')
#1 /opt/lampp/htdocs/dodmediagroup/frameworks/yii/1.1.16/base/CApplication.php(184): CWebApplication->processRequest()
#2 /opt/lampp/htdocs/dodmediagroup/projects/natural_drops/project/index.php(13): CApplication->run()
#3 {main}
REQUEST_URI=/dodmediagroup/projects/natural_drops/project/natural_admin
---
2015/03/31 21:54:16 [error] [exception.CException] exception 'CException' with message 'DefaultController and its behaviors do not have a method or closure named "addScripts".' in /opt/lampp/htdocs/dodmediagroup/frameworks/yii/1.1.16/base/CComponent.php:266
Stack trace:
#0 /opt/lampp/htdocs/dodmediagroup/projects/natural_drops/project/protected/modules/natural_admin/controllers/DefaultController.php(27): CComponent->__call('addScripts', Array)
#1 /opt/lampp/htdocs/dodmediagroup/projects/natural_drops/project/protected/modules/natural_admin/controllers/DefaultController.php(27): DefaultController->addScripts(Array)
#2 /opt/lampp/htdocs/dodmediagroup/frameworks/yii/1.1.16/web/actions/CInlineAction.php(49): DefaultController->actionIndex()
#3 /opt/lampp/htdocs/dodmediagroup/frameworks/yii/1.1.16/web/CController.php(308): CInlineAction->runWithParams(Array)
#4 /opt/lampp/htdocs/dodmediagroup/frameworks/yii/1.1.16/web/CController.php(286): CController->runAction(Object(CInlineAction))
#5 /opt/lampp/htdocs/dodmediagroup/frameworks/yii/1.1.16/web/CController.php(265): CController->runActionWithFilters(Object(CInlineAction), Array)
#6 /opt/lampp/htdocs/dodmediagroup/frameworks/yii/1.1.16/web/CWebApplication.php(282): CController->run('')
#7 /opt/lampp/htdocs/dodmediagroup/frameworks/yii/1.1.16/web/CWebApplication.php(141): CWebApplication->runController('natural_admin')
#8 /opt/lampp/htdocs/dodmediagroup/frameworks/yii/1.1.16/base/CApplication.php(184): CWebApplication->processRequest()
#9 /opt/lampp/htdocs/dodmediagroup/projects/natural_drops/project/index.php(13): CApplication->run()
#10 {main}
REQUEST_URI=/dodmediagroup/projects/natural_drops/project/natural_admin
---
2015/03/31 21:55:35 [error] [exception.CHttpException.404] exception 'CHttpException' with message 'The system is unable to find the requested action "login".' in /opt/lampp/htdocs/dodmediagroup/frameworks/yii/1.1.16/web/CController.php:483
Stack trace:
#0 /opt/lampp/htdocs/dodmediagroup/frameworks/yii/1.1.16/web/CController.php(270): CController->missingAction('login')
#1 /opt/lampp/htdocs/dodmediagroup/frameworks/yii/1.1.16/web/CWebApplication.php(282): CController->run('login')
#2 /opt/lampp/htdocs/dodmediagroup/frameworks/yii/1.1.16/web/CWebApplication.php(141): CWebApplication->runController('natural_admin/d...')
#3 /opt/lampp/htdocs/dodmediagroup/frameworks/yii/1.1.16/base/CApplication.php(184): CWebApplication->processRequest()
#4 /opt/lampp/htdocs/dodmediagroup/projects/natural_drops/project/index.php(13): CApplication->run()
#5 {main}
REQUEST_URI=/dodmediagroup/projects/natural_drops/project/natural_admin/login
---
2015/04/01 02:56:57 [error] [exception.CException] exception 'CException' with message 'DefaultController cannot find the requested view "login".' in /opt/lampp/htdocs/dodmediagroup/frameworks/yii/1.1.16/web/CController.php:878
Stack trace:
#0 /opt/lampp/htdocs/dodmediagroup/frameworks/yii/1.1.16/web/CController.php(782): CController->renderPartial('login', Array, true)
#1 /opt/lampp/htdocs/dodmediagroup/projects/natural_drops/project/protected/modules/natural_admin/controllers/DefaultController.php(57): CController->render('login', Array)
#2 /opt/lampp/htdocs/dodmediagroup/frameworks/yii/1.1.16/web/actions/CInlineAction.php(49): DefaultController->actionLogin()
#3 /opt/lampp/htdocs/dodmediagroup/frameworks/yii/1.1.16/web/CController.php(308): CInlineAction->runWithParams(Array)
#4 /opt/lampp/htdocs/dodmediagroup/frameworks/yii/1.1.16/web/CController.php(286): CController->runAction(Object(CInlineAction))
#5 /opt/lampp/htdocs/dodmediagroup/frameworks/yii/1.1.16/web/CController.php(265): CController->runActionWithFilters(Object(CInlineAction), Array)
#6 /opt/lampp/htdocs/dodmediagroup/frameworks/yii/1.1.16/web/CWebApplication.php(282): CController->run('login')
#7 /opt/lampp/htdocs/dodmediagroup/frameworks/yii/1.1.16/web/CWebApplication.php(141): CWebApplication->runController('natural_admin/d...')
#8 /opt/lampp/htdocs/dodmediagroup/frameworks/yii/1.1.16/base/CApplication.php(184): CWebApplication->processRequest()
#9 /opt/lampp/htdocs/dodmediagroup/projects/natural_drops/project/index.php(13): CApplication->run()
#10 {main}
REQUEST_URI=/dodmediagroup/projects/natural_drops/project/natural_admin/login
---
2015/04/01 03:02:22 [error] [exception.CHttpException.404] exception 'CHttpException' with message 'The system is unable to find the requested action "test".' in /opt/lampp/htdocs/dodmediagroup/frameworks/yii/1.1.16/web/CController.php:483
Stack trace:
#0 /opt/lampp/htdocs/dodmediagroup/frameworks/yii/1.1.16/web/CController.php(270): CController->missingAction('test')
#1 /opt/lampp/htdocs/dodmediagroup/frameworks/yii/1.1.16/web/CWebApplication.php(282): CController->run('test')
#2 /opt/lampp/htdocs/dodmediagroup/frameworks/yii/1.1.16/web/CWebApplication.php(141): CWebApplication->runController('site/test')
#3 /opt/lampp/htdocs/dodmediagroup/frameworks/yii/1.1.16/base/CApplication.php(184): CWebApplication->processRequest()
#4 /opt/lampp/htdocs/dodmediagroup/projects/natural_drops/project/index.php(13): CApplication->run()
#5 {main}
REQUEST_URI=/dodmediagroup/projects/natural_drops/project/test
---
2015/04/01 03:03:03 [error] [exception.CException] exception 'CException' with message 'Property "SiteController.slide" is not defined.' in /opt/lampp/htdocs/dodmediagroup/frameworks/yii/1.1.16/base/CComponent.php:130
Stack trace:
#0 /opt/lampp/htdocs/dodmediagroup/projects/natural_drops/project/protected/views/layouts/main.php(29): CComponent->__get('slide')
#1 /opt/lampp/htdocs/dodmediagroup/frameworks/yii/1.1.16/web/CBaseController.php(126): require('/opt/lampp/htdo...')
#2 /opt/lampp/htdocs/dodmediagroup/frameworks/yii/1.1.16/web/CBaseController.php(95): CBaseController->renderInternal('/opt/lampp/htdo...', Array, true)
#3 /opt/lampp/htdocs/dodmediagroup/frameworks/yii/1.1.16/web/CController.php(784): CBaseController->renderFile('/opt/lampp/htdo...', Array, true)
#4 /opt/lampp/htdocs/dodmediagroup/projects/natural_drops/project/protected/controllers/SiteController.php(46): CController->render('about', Array)
#5 /opt/lampp/htdocs/dodmediagroup/frameworks/yii/1.1.16/web/actions/CInlineAction.php(49): SiteController->actionNosotros()
#6 /opt/lampp/htdocs/dodmediagroup/frameworks/yii/1.1.16/web/CController.php(308): CInlineAction->runWithParams(Array)
#7 /opt/lampp/htdocs/dodmediagroup/frameworks/yii/1.1.16/web/CController.php(286): CController->runAction(Object(CInlineAction))
#8 /opt/lampp/htdocs/dodmediagroup/frameworks/yii/1.1.16/web/CController.php(265): CController->runActionWithFilters(Object(CInlineAction), Array)
#9 /opt/lampp/htdocs/dodmediagroup/frameworks/yii/1.1.16/web/CWebApplication.php(282): CController->run('nosotros')
#10 /opt/lampp/htdocs/dodmediagroup/frameworks/yii/1.1.16/web/CWebApplication.php(141): CWebApplication->runController('site/nosotros')
#11 /opt/lampp/htdocs/dodmediagroup/frameworks/yii/1.1.16/base/CApplication.php(184): CWebApplication->processRequest()
#12 /opt/lampp/htdocs/dodmediagroup/projects/natural_drops/project/index.php(13): CApplication->run()
#13 {main}
REQUEST_URI=/dodmediagroup/projects/natural_drops/project/nosotros
HTTP_REFERER=http://localhost:8080/dodmediagroup/projects/natural_drops/project/
---
2015/04/01 03:03:20 [error] [exception.CException] exception 'CException' with message 'Property "SiteController.slide" is not defined.' in /opt/lampp/htdocs/dodmediagroup/frameworks/yii/1.1.16/base/CComponent.php:130
Stack trace:
#0 /opt/lampp/htdocs/dodmediagroup/projects/natural_drops/project/protected/views/layouts/main.php(29): CComponent->__get('slide')
#1 /opt/lampp/htdocs/dodmediagroup/frameworks/yii/1.1.16/web/CBaseController.php(126): require('/opt/lampp/htdo...')
#2 /opt/lampp/htdocs/dodmediagroup/frameworks/yii/1.1.16/web/CBaseController.php(95): CBaseController->renderInternal('/opt/lampp/htdo...', Array, true)
#3 /opt/lampp/htdocs/dodmediagroup/frameworks/yii/1.1.16/web/CController.php(784): CBaseController->renderFile('/opt/lampp/htdo...', Array, true)
#4 /opt/lampp/htdocs/dodmediagroup/projects/natural_drops/project/protected/controllers/SiteController.php(52): CController->render('benefits', Array)
#5 /opt/lampp/htdocs/dodmediagroup/frameworks/yii/1.1.16/web/actions/CInlineAction.php(49): SiteController->actionBeneficios()
#6 /opt/lampp/htdocs/dodmediagroup/frameworks/yii/1.1.16/web/CController.php(308): CInlineAction->runWithParams(Array)
#7 /opt/lampp/htdocs/dodmediagroup/frameworks/yii/1.1.16/web/CController.php(286): CController->runAction(Object(CInlineAction))
#8 /opt/lampp/htdocs/dodmediagroup/frameworks/yii/1.1.16/web/CController.php(265): CController->runActionWithFilters(Object(CInlineAction), Array)
#9 /opt/lampp/htdocs/dodmediagroup/frameworks/yii/1.1.16/web/CWebApplication.php(282): CController->run('beneficios')
#10 /opt/lampp/htdocs/dodmediagroup/frameworks/yii/1.1.16/web/CWebApplication.php(141): CWebApplication->runController('site/beneficios')
#11 /opt/lampp/htdocs/dodmediagroup/frameworks/yii/1.1.16/base/CApplication.php(184): CWebApplication->processRequest()
#12 /opt/lampp/htdocs/dodmediagroup/projects/natural_drops/project/index.php(13): CApplication->run()
#13 {main}
REQUEST_URI=/dodmediagroup/projects/natural_drops/project/beneficios
HTTP_REFERER=http://localhost:8080/dodmediagroup/projects/natural_drops/project/
---
2015/04/01 03:05:13 [error] [exception.CHttpException.404] exception 'CHttpException' with message 'The system is unable to find the requested action "test".' in /opt/lampp/htdocs/dodmediagroup/frameworks/yii/1.1.16/web/CController.php:483
Stack trace:
#0 /opt/lampp/htdocs/dodmediagroup/frameworks/yii/1.1.16/web/CController.php(270): CController->missingAction('test')
#1 /opt/lampp/htdocs/dodmediagroup/frameworks/yii/1.1.16/web/CWebApplication.php(282): CController->run('test')
#2 /opt/lampp/htdocs/dodmediagroup/frameworks/yii/1.1.16/web/CWebApplication.php(141): CWebApplication->runController('site/test')
#3 /opt/lampp/htdocs/dodmediagroup/frameworks/yii/1.1.16/base/CApplication.php(184): CWebApplication->processRequest()
#4 /opt/lampp/htdocs/dodmediagroup/projects/natural_drops/project/index.php(13): CApplication->run()
#5 {main}
REQUEST_URI=/dodmediagroup/projects/natural_drops/project/test
---
2015/04/01 03:06:29 [error] [exception.CHttpException.404] exception 'CHttpException' with message 'The system is unable to find the requested action "test".' in /opt/lampp/htdocs/dodmediagroup/frameworks/yii/1.1.16/web/CController.php:483
Stack trace:
#0 /opt/lampp/htdocs/dodmediagroup/frameworks/yii/1.1.16/web/CController.php(270): CController->missingAction('test')
#1 /opt/lampp/htdocs/dodmediagroup/frameworks/yii/1.1.16/web/CWebApplication.php(282): CController->run('test')
#2 /opt/lampp/htdocs/dodmediagroup/frameworks/yii/1.1.16/web/CWebApplication.php(141): CWebApplication->runController('site/test')
#3 /opt/lampp/htdocs/dodmediagroup/frameworks/yii/1.1.16/base/CApplication.php(184): CWebApplication->processRequest()
#4 /opt/lampp/htdocs/dodmediagroup/projects/natural_drops/project/index.php(13): CApplication->run()
#5 {main}
REQUEST_URI=/dodmediagroup/projects/natural_drops/project/test
---
2015/04/01 03:07:27 [error] [exception.CHttpException.404] exception 'CHttpException' with message 'The system is unable to find the requested action "test".' in /opt/lampp/htdocs/dodmediagroup/frameworks/yii/1.1.16/web/CController.php:483
Stack trace:
#0 /opt/lampp/htdocs/dodmediagroup/frameworks/yii/1.1.16/web/CController.php(270): CController->missingAction('test')
#1 /opt/lampp/htdocs/dodmediagroup/frameworks/yii/1.1.16/web/CWebApplication.php(282): CController->run('test')
#2 /opt/lampp/htdocs/dodmediagroup/frameworks/yii/1.1.16/web/CWebApplication.php(141): CWebApplication->runController('site/test')
#3 /opt/lampp/htdocs/dodmediagroup/frameworks/yii/1.1.16/base/CApplication.php(184): CWebApplication->processRequest()
#4 /opt/lampp/htdocs/dodmediagroup/projects/natural_drops/project/index.php(13): CApplication->run()
#5 {main}
REQUEST_URI=/dodmediagroup/projects/natural_drops/project/test
---
2015/04/01 03:10:31 [error] [exception.CHttpException.404] exception 'CHttpException' with message 'The system is unable to find the requested action "test".' in /opt/lampp/htdocs/dodmediagroup/frameworks/yii/1.1.16/web/CController.php:483
Stack trace:
#0 /opt/lampp/htdocs/dodmediagroup/frameworks/yii/1.1.16/web/CController.php(270): CController->missingAction('test')
#1 /opt/lampp/htdocs/dodmediagroup/frameworks/yii/1.1.16/web/CWebApplication.php(282): CController->run('test')
#2 /opt/lampp/htdocs/dodmediagroup/frameworks/yii/1.1.16/web/CWebApplication.php(141): CWebApplication->runController('site/test')
#3 /opt/lampp/htdocs/dodmediagroup/frameworks/yii/1.1.16/base/CApplication.php(184): CWebApplication->processRequest()
#4 /opt/lampp/htdocs/dodmediagroup/projects/natural_drops/project/index.php(13): CApplication->run()
#5 {main}
REQUEST_URI=/dodmediagroup/projects/natural_drops/project/test
---
2015/04/01 03:12:45 [error] [exception.CHttpException.404] exception 'CHttpException' with message 'The system is unable to find the requested action "test".' in /opt/lampp/htdocs/dodmediagroup/frameworks/yii/1.1.16/web/CController.php:483
Stack trace:
#0 /opt/lampp/htdocs/dodmediagroup/frameworks/yii/1.1.16/web/CController.php(270): CController->missingAction('test')
#1 /opt/lampp/htdocs/dodmediagroup/frameworks/yii/1.1.16/web/CWebApplication.php(282): CController->run('test')
#2 /opt/lampp/htdocs/dodmediagroup/frameworks/yii/1.1.16/web/CWebApplication.php(141): CWebApplication->runController('site/test')
#3 /opt/lampp/htdocs/dodmediagroup/frameworks/yii/1.1.16/base/CApplication.php(184): CWebApplication->processRequest()
#4 /opt/lampp/htdocs/dodmediagroup/projects/natural_drops/project/index.php(13): CApplication->run()
#5 {main}
REQUEST_URI=/dodmediagroup/projects/natural_drops/project/test
---
2015/04/01 03:15:05 [error] [exception.CHttpException.404] exception 'CHttpException' with message 'The system is unable to find the requested action "test".' in /opt/lampp/htdocs/dodmediagroup/frameworks/yii/1.1.16/web/CController.php:483
Stack trace:
#0 /opt/lampp/htdocs/dodmediagroup/frameworks/yii/1.1.16/web/CController.php(270): CController->missingAction('test')
#1 /opt/lampp/htdocs/dodmediagroup/frameworks/yii/1.1.16/web/CWebApplication.php(282): CController->run('test')
#2 /opt/lampp/htdocs/dodmediagroup/frameworks/yii/1.1.16/web/CWebApplication.php(141): CWebApplication->runController('site/test')
#3 /opt/lampp/htdocs/dodmediagroup/frameworks/yii/1.1.16/base/CApplication.php(184): CWebApplication->processRequest()
#4 /opt/lampp/htdocs/dodmediagroup/projects/natural_drops/project/index.php(13): CApplication->run()
#5 {main}
REQUEST_URI=/dodmediagroup/projects/natural_drops/project/test
---
2015/04/01 03:16:24 [error] [exception.CHttpException.404] exception 'CHttpException' with message 'The system is unable to find the requested action "test".' in /opt/lampp/htdocs/dodmediagroup/frameworks/yii/1.1.16/web/CController.php:483
Stack trace:
#0 /opt/lampp/htdocs/dodmediagroup/frameworks/yii/1.1.16/web/CController.php(270): CController->missingAction('test')
#1 /opt/lampp/htdocs/dodmediagroup/frameworks/yii/1.1.16/web/CWebApplication.php(282): CController->run('test')
#2 /opt/lampp/htdocs/dodmediagroup/frameworks/yii/1.1.16/web/CWebApplication.php(141): CWebApplication->runController('site/test')
#3 /opt/lampp/htdocs/dodmediagroup/frameworks/yii/1.1.16/base/CApplication.php(184): CWebApplication->processRequest()
#4 /opt/lampp/htdocs/dodmediagroup/projects/natural_drops/project/index.php(13): CApplication->run()
#5 {main}
REQUEST_URI=/dodmediagroup/projects/natural_drops/project/test
---
2015/04/01 03:16:37 [error] [exception.CHttpException.404] exception 'CHttpException' with message 'The system is unable to find the requested action "test".' in /opt/lampp/htdocs/dodmediagroup/frameworks/yii/1.1.16/web/CController.php:483
Stack trace:
#0 /opt/lampp/htdocs/dodmediagroup/frameworks/yii/1.1.16/web/CController.php(270): CController->missingAction('test')
#1 /opt/lampp/htdocs/dodmediagroup/frameworks/yii/1.1.16/web/CWebApplication.php(282): CController->run('test')
#2 /opt/lampp/htdocs/dodmediagroup/frameworks/yii/1.1.16/web/CWebApplication.php(141): CWebApplication->runController('site/test')
#3 /opt/lampp/htdocs/dodmediagroup/frameworks/yii/1.1.16/base/CApplication.php(184): CWebApplication->processRequest()
#4 /opt/lampp/htdocs/dodmediagroup/projects/natural_drops/project/index.php(13): CApplication->run()
#5 {main}
REQUEST_URI=/dodmediagroup/projects/natural_drops/project/test
---
2015/04/01 03:17:08 [error] [exception.CHttpException.404] exception 'CHttpException' with message 'The system is unable to find the requested action "test".' in /opt/lampp/htdocs/dodmediagroup/frameworks/yii/1.1.16/web/CController.php:483
Stack trace:
#0 /opt/lampp/htdocs/dodmediagroup/frameworks/yii/1.1.16/web/CController.php(270): CController->missingAction('test')
#1 /opt/lampp/htdocs/dodmediagroup/frameworks/yii/1.1.16/web/CWebApplication.php(282): CController->run('test')
#2 /opt/lampp/htdocs/dodmediagroup/frameworks/yii/1.1.16/web/CWebApplication.php(141): CWebApplication->runController('site/test')
#3 /opt/lampp/htdocs/dodmediagroup/frameworks/yii/1.1.16/base/CApplication.php(184): CWebApplication->processRequest()
#4 /opt/lampp/htdocs/dodmediagroup/projects/natural_drops/project/index.php(13): CApplication->run()
#5 {main}
REQUEST_URI=/dodmediagroup/projects/natural_drops/project/test
---
2015/04/01 03:17:32 [error] [exception.CHttpException.404] exception 'CHttpException' with message 'The system is unable to find the requested action "test".' in /opt/lampp/htdocs/dodmediagroup/frameworks/yii/1.1.16/web/CController.php:483
Stack trace:
#0 /opt/lampp/htdocs/dodmediagroup/frameworks/yii/1.1.16/web/CController.php(270): CController->missingAction('test')
#1 /opt/lampp/htdocs/dodmediagroup/frameworks/yii/1.1.16/web/CWebApplication.php(282): CController->run('test')
#2 /opt/lampp/htdocs/dodmediagroup/frameworks/yii/1.1.16/web/CWebApplication.php(141): CWebApplication->runController('site/test')
#3 /opt/lampp/htdocs/dodmediagroup/frameworks/yii/1.1.16/base/CApplication.php(184): CWebApplication->processRequest()
#4 /opt/lampp/htdocs/dodmediagroup/projects/natural_drops/project/index.php(13): CApplication->run()
#5 {main}
REQUEST_URI=/dodmediagroup/projects/natural_drops/project/test
---
2015/04/01 03:17:34 [error] [exception.CHttpException.404] exception 'CHttpException' with message 'The system is unable to find the requested action "test".' in /opt/lampp/htdocs/dodmediagroup/frameworks/yii/1.1.16/web/CController.php:483
Stack trace:
#0 /opt/lampp/htdocs/dodmediagroup/frameworks/yii/1.1.16/web/CController.php(270): CController->missingAction('test')
#1 /opt/lampp/htdocs/dodmediagroup/frameworks/yii/1.1.16/web/CWebApplication.php(282): CController->run('test')
#2 /opt/lampp/htdocs/dodmediagroup/frameworks/yii/1.1.16/web/CWebApplication.php(141): CWebApplication->runController('site/test')
#3 /opt/lampp/htdocs/dodmediagroup/frameworks/yii/1.1.16/base/CApplication.php(184): CWebApplication->processRequest()
#4 /opt/lampp/htdocs/dodmediagroup/projects/natural_drops/project/index.php(13): CApplication->run()
#5 {main}
REQUEST_URI=/dodmediagroup/projects/natural_drops/project/test
---
2015/04/01 03:17:35 [error] [exception.CHttpException.404] exception 'CHttpException' with message 'The system is unable to find the requested action "test".' in /opt/lampp/htdocs/dodmediagroup/frameworks/yii/1.1.16/web/CController.php:483
Stack trace:
#0 /opt/lampp/htdocs/dodmediagroup/frameworks/yii/1.1.16/web/CController.php(270): CController->missingAction('test')
#1 /opt/lampp/htdocs/dodmediagroup/frameworks/yii/1.1.16/web/CWebApplication.php(282): CController->run('test')
#2 /opt/lampp/htdocs/dodmediagroup/frameworks/yii/1.1.16/web/CWebApplication.php(141): CWebApplication->runController('site/test')
#3 /opt/lampp/htdocs/dodmediagroup/frameworks/yii/1.1.16/base/CApplication.php(184): CWebApplication->processRequest()
#4 /opt/lampp/htdocs/dodmediagroup/projects/natural_drops/project/index.php(13): CApplication->run()
#5 {main}
REQUEST_URI=/dodmediagroup/projects/natural_drops/project/test
---
2015/04/01 03:17:57 [error] [exception.CHttpException.404] exception 'CHttpException' with message 'The system is unable to find the requested action "test".' in /opt/lampp/htdocs/dodmediagroup/frameworks/yii/1.1.16/web/CController.php:483
Stack trace:
#0 /opt/lampp/htdocs/dodmediagroup/frameworks/yii/1.1.16/web/CController.php(270): CController->missingAction('test')
#1 /opt/lampp/htdocs/dodmediagroup/frameworks/yii/1.1.16/web/CWebApplication.php(282): CController->run('test')
#2 /opt/lampp/htdocs/dodmediagroup/frameworks/yii/1.1.16/web/CWebApplication.php(141): CWebApplication->runController('site/test')
#3 /opt/lampp/htdocs/dodmediagroup/frameworks/yii/1.1.16/base/CApplication.php(184): CWebApplication->processRequest()
#4 /opt/lampp/htdocs/dodmediagroup/projects/natural_drops/project/index.php(13): CApplication->run()
#5 {main}
REQUEST_URI=/dodmediagroup/projects/natural_drops/project/test
---
2015/04/01 03:18:27 [error] [exception.CHttpException.404] exception 'CHttpException' with message 'The system is unable to find the requested action "test".' in /opt/lampp/htdocs/dodmediagroup/frameworks/yii/1.1.16/web/CController.php:483
Stack trace:
#0 /opt/lampp/htdocs/dodmediagroup/frameworks/yii/1.1.16/web/CController.php(270): CController->missingAction('test')
#1 /opt/lampp/htdocs/dodmediagroup/frameworks/yii/1.1.16/web/CWebApplication.php(282): CController->run('test')
#2 /opt/lampp/htdocs/dodmediagroup/frameworks/yii/1.1.16/web/CWebApplication.php(141): CWebApplication->runController('site/test')
#3 /opt/lampp/htdocs/dodmediagroup/frameworks/yii/1.1.16/base/CApplication.php(184): CWebApplication->processRequest()
#4 /opt/lampp/htdocs/dodmediagroup/projects/natural_drops/project/index.php(13): CApplication->run()
#5 {main}
REQUEST_URI=/dodmediagroup/projects/natural_drops/project/test
---
2015/04/01 03:18:37 [error] [exception.CHttpException.404] exception 'CHttpException' with message 'The system is unable to find the requested action "test".' in /opt/lampp/htdocs/dodmediagroup/frameworks/yii/1.1.16/web/CController.php:483
Stack trace:
#0 /opt/lampp/htdocs/dodmediagroup/frameworks/yii/1.1.16/web/CController.php(270): CController->missingAction('test')
#1 /opt/lampp/htdocs/dodmediagroup/frameworks/yii/1.1.16/web/CWebApplication.php(282): CController->run('test')
#2 /opt/lampp/htdocs/dodmediagroup/frameworks/yii/1.1.16/web/CWebApplication.php(141): CWebApplication->runController('site/test')
#3 /opt/lampp/htdocs/dodmediagroup/frameworks/yii/1.1.16/base/CApplication.php(184): CWebApplication->processRequest()
#4 /opt/lampp/htdocs/dodmediagroup/projects/natural_drops/project/index.php(13): CApplication->run()
#5 {main}
REQUEST_URI=/dodmediagroup/projects/natural_drops/project/test
---
2015/04/01 03:19:59 [error] [exception.CHttpException.404] exception 'CHttpException' with message 'The system is unable to find the requested action "test".' in /opt/lampp/htdocs/dodmediagroup/frameworks/yii/1.1.16/web/CController.php:483
Stack trace:
#0 /opt/lampp/htdocs/dodmediagroup/frameworks/yii/1.1.16/web/CController.php(270): CController->missingAction('test')
#1 /opt/lampp/htdocs/dodmediagroup/frameworks/yii/1.1.16/web/CWebApplication.php(282): CController->run('test')
#2 /opt/lampp/htdocs/dodmediagroup/frameworks/yii/1.1.16/web/CWebApplication.php(141): CWebApplication->runController('site/test')
#3 /opt/lampp/htdocs/dodmediagroup/frameworks/yii/1.1.16/base/CApplication.php(184): CWebApplication->processRequest()
#4 /opt/lampp/htdocs/dodmediagroup/projects/natural_drops/project/index.php(13): CApplication->run()
#5 {main}
REQUEST_URI=/dodmediagroup/projects/natural_drops/project/test
---
2015/04/01 03:20:25 [error] [exception.CHttpException.404] exception 'CHttpException' with message 'The system is unable to find the requested action "test".' in /opt/lampp/htdocs/dodmediagroup/frameworks/yii/1.1.16/web/CController.php:483
Stack trace:
#0 /opt/lampp/htdocs/dodmediagroup/frameworks/yii/1.1.16/web/CController.php(270): CController->missingAction('test')
#1 /opt/lampp/htdocs/dodmediagroup/frameworks/yii/1.1.16/web/CWebApplication.php(282): CController->run('test')
#2 /opt/lampp/htdocs/dodmediagroup/frameworks/yii/1.1.16/web/CWebApplication.php(141): CWebApplication->runController('site/test')
#3 /opt/lampp/htdocs/dodmediagroup/frameworks/yii/1.1.16/base/CApplication.php(184): CWebApplication->processRequest()
#4 /opt/lampp/htdocs/dodmediagroup/projects/natural_drops/project/index.php(13): CApplication->run()
#5 {main}
REQUEST_URI=/dodmediagroup/projects/natural_drops/project/test
---
2015/04/01 03:29:55 [error] [exception.CHttpException.404] exception 'CHttpException' with message 'The system is unable to find the requested action "test".' in /opt/lampp/htdocs/dodmediagroup/frameworks/yii/1.1.16/web/CController.php:483
Stack trace:
#0 /opt/lampp/htdocs/dodmediagroup/frameworks/yii/1.1.16/web/CController.php(270): CController->missingAction('test')
#1 /opt/lampp/htdocs/dodmediagroup/frameworks/yii/1.1.16/web/CWebApplication.php(282): CController->run('test')
#2 /opt/lampp/htdocs/dodmediagroup/frameworks/yii/1.1.16/web/CWebApplication.php(141): CWebApplication->runController('site/test')
#3 /opt/lampp/htdocs/dodmediagroup/frameworks/yii/1.1.16/base/CApplication.php(184): CWebApplication->processRequest()
#4 /opt/lampp/htdocs/dodmediagroup/projects/natural_drops/project/index.php(13): CApplication->run()
#5 {main}
REQUEST_URI=/dodmediagroup/projects/natural_drops/project/test
---
2015/04/01 03:31:59 [error] [exception.CHttpException.404] exception 'CHttpException' with message 'The system is unable to find the requested action "test".' in /opt/lampp/htdocs/dodmediagroup/frameworks/yii/1.1.16/web/CController.php:483
Stack trace:
#0 /opt/lampp/htdocs/dodmediagroup/frameworks/yii/1.1.16/web/CController.php(270): CController->missingAction('test')
#1 /opt/lampp/htdocs/dodmediagroup/frameworks/yii/1.1.16/web/CWebApplication.php(282): CController->run('test')
#2 /opt/lampp/htdocs/dodmediagroup/frameworks/yii/1.1.16/web/CWebApplication.php(141): CWebApplication->runController('site/test')
#3 /opt/lampp/htdocs/dodmediagroup/frameworks/yii/1.1.16/base/CApplication.php(184): CWebApplication->processRequest()
#4 /opt/lampp/htdocs/dodmediagroup/projects/natural_drops/project/index.php(13): CApplication->run()
#5 {main}
REQUEST_URI=/dodmediagroup/projects/natural_drops/project/test
---
2015/04/01 03:33:02 [error] [exception.CHttpException.404] exception 'CHttpException' with message 'The system is unable to find the requested action "test".' in /opt/lampp/htdocs/dodmediagroup/frameworks/yii/1.1.16/web/CController.php:483
Stack trace:
#0 /opt/lampp/htdocs/dodmediagroup/frameworks/yii/1.1.16/web/CController.php(270): CController->missingAction('test')
#1 /opt/lampp/htdocs/dodmediagroup/frameworks/yii/1.1.16/web/CWebApplication.php(282): CController->run('test')
#2 /opt/lampp/htdocs/dodmediagroup/frameworks/yii/1.1.16/web/CWebApplication.php(141): CWebApplication->runController('site/test')
#3 /opt/lampp/htdocs/dodmediagroup/frameworks/yii/1.1.16/base/CApplication.php(184): CWebApplication->processRequest()
#4 /opt/lampp/htdocs/dodmediagroup/projects/natural_drops/project/index.php(13): CApplication->run()
#5 {main}
REQUEST_URI=/dodmediagroup/projects/natural_drops/project/test
---
2015/04/01 03:33:40 [error] [exception.CHttpException.404] exception 'CHttpException' with message 'The system is unable to find the requested action "test".' in /opt/lampp/htdocs/dodmediagroup/frameworks/yii/1.1.16/web/CController.php:483
Stack trace:
#0 /opt/lampp/htdocs/dodmediagroup/frameworks/yii/1.1.16/web/CController.php(270): CController->missingAction('test')
#1 /opt/lampp/htdocs/dodmediagroup/frameworks/yii/1.1.16/web/CWebApplication.php(282): CController->run('test')
#2 /opt/lampp/htdocs/dodmediagroup/frameworks/yii/1.1.16/web/CWebApplication.php(141): CWebApplication->runController('site/test')
#3 /opt/lampp/htdocs/dodmediagroup/frameworks/yii/1.1.16/base/CApplication.php(184): CWebApplication->processRequest()
#4 /opt/lampp/htdocs/dodmediagroup/projects/natural_drops/project/index.php(13): CApplication->run()
#5 {main}
REQUEST_URI=/dodmediagroup/projects/natural_drops/project/test
---
2015/04/01 03:34:28 [error] [exception.CHttpException.404] exception 'CHttpException' with message 'The system is unable to find the requested action "test".' in /opt/lampp/htdocs/dodmediagroup/frameworks/yii/1.1.16/web/CController.php:483
Stack trace:
#0 /opt/lampp/htdocs/dodmediagroup/frameworks/yii/1.1.16/web/CController.php(270): CController->missingAction('test')
#1 /opt/lampp/htdocs/dodmediagroup/frameworks/yii/1.1.16/web/CWebApplication.php(282): CController->run('test')
#2 /opt/lampp/htdocs/dodmediagroup/frameworks/yii/1.1.16/web/CWebApplication.php(141): CWebApplication->runController('site/test')
#3 /opt/lampp/htdocs/dodmediagroup/frameworks/yii/1.1.16/base/CApplication.php(184): CWebApplication->processRequest()
#4 /opt/lampp/htdocs/dodmediagroup/projects/natural_drops/project/index.php(13): CApplication->run()
#5 {main}
REQUEST_URI=/dodmediagroup/projects/natural_drops/project/test
---
2015/04/01 03:35:59 [error] [exception.CHttpException.404] exception 'CHttpException' with message 'The system is unable to find the requested action "test".' in /opt/lampp/htdocs/dodmediagroup/frameworks/yii/1.1.16/web/CController.php:483
Stack trace:
#0 /opt/lampp/htdocs/dodmediagroup/frameworks/yii/1.1.16/web/CController.php(270): CController->missingAction('test')
#1 /opt/lampp/htdocs/dodmediagroup/frameworks/yii/1.1.16/web/CWebApplication.php(282): CController->run('test')
#2 /opt/lampp/htdocs/dodmediagroup/frameworks/yii/1.1.16/web/CWebApplication.php(141): CWebApplication->runController('site/test')
#3 /opt/lampp/htdocs/dodmediagroup/frameworks/yii/1.1.16/base/CApplication.php(184): CWebApplication->processRequest()
#4 /opt/lampp/htdocs/dodmediagroup/projects/natural_drops/project/index.php(13): CApplication->run()
#5 {main}
REQUEST_URI=/dodmediagroup/projects/natural_drops/project/test
---
2015/04/01 03:37:53 [error] [exception.CHttpException.404] exception 'CHttpException' with message 'The system is unable to find the requested action "test".' in /opt/lampp/htdocs/dodmediagroup/frameworks/yii/1.1.16/web/CController.php:483
Stack trace:
#0 /opt/lampp/htdocs/dodmediagroup/frameworks/yii/1.1.16/web/CController.php(270): CController->missingAction('test')
#1 /opt/lampp/htdocs/dodmediagroup/frameworks/yii/1.1.16/web/CWebApplication.php(282): CController->run('test')
#2 /opt/lampp/htdocs/dodmediagroup/frameworks/yii/1.1.16/web/CWebApplication.php(141): CWebApplication->runController('site/test')
#3 /opt/lampp/htdocs/dodmediagroup/frameworks/yii/1.1.16/base/CApplication.php(184): CWebApplication->processRequest()
#4 /opt/lampp/htdocs/dodmediagroup/projects/natural_drops/project/index.php(13): CApplication->run()
#5 {main}
REQUEST_URI=/dodmediagroup/projects/natural_drops/project/test
---
2015/04/01 03:38:22 [error] [exception.CHttpException.404] exception 'CHttpException' with message 'The system is unable to find the requested action "test".' in /opt/lampp/htdocs/dodmediagroup/frameworks/yii/1.1.16/web/CController.php:483
Stack trace:
#0 /opt/lampp/htdocs/dodmediagroup/frameworks/yii/1.1.16/web/CController.php(270): CController->missingAction('test')
#1 /opt/lampp/htdocs/dodmediagroup/frameworks/yii/1.1.16/web/CWebApplication.php(282): CController->run('test')
#2 /opt/lampp/htdocs/dodmediagroup/frameworks/yii/1.1.16/web/CWebApplication.php(141): CWebApplication->runController('site/test')
#3 /opt/lampp/htdocs/dodmediagroup/frameworks/yii/1.1.16/base/CApplication.php(184): CWebApplication->processRequest()
#4 /opt/lampp/htdocs/dodmediagroup/projects/natural_drops/project/index.php(13): CApplication->run()
#5 {main}
REQUEST_URI=/dodmediagroup/projects/natural_drops/project/test
---
2015/04/01 03:39:26 [error] [exception.CHttpException.404] exception 'CHttpException' with message 'The system is unable to find the requested action "test".' in /opt/lampp/htdocs/dodmediagroup/frameworks/yii/1.1.16/web/CController.php:483
Stack trace:
#0 /opt/lampp/htdocs/dodmediagroup/frameworks/yii/1.1.16/web/CController.php(270): CController->missingAction('test')
#1 /opt/lampp/htdocs/dodmediagroup/frameworks/yii/1.1.16/web/CWebApplication.php(282): CController->run('test')
#2 /opt/lampp/htdocs/dodmediagroup/frameworks/yii/1.1.16/web/CWebApplication.php(141): CWebApplication->runController('site/test')
#3 /opt/lampp/htdocs/dodmediagroup/frameworks/yii/1.1.16/base/CApplication.php(184): CWebApplication->processRequest()
#4 /opt/lampp/htdocs/dodmediagroup/projects/natural_drops/project/index.php(13): CApplication->run()
#5 {main}
REQUEST_URI=/dodmediagroup/projects/natural_drops/project/test
---
2015/04/01 03:39:48 [error] [exception.CHttpException.404] exception 'CHttpException' with message 'The system is unable to find the requested action "test".' in /opt/lampp/htdocs/dodmediagroup/frameworks/yii/1.1.16/web/CController.php:483
Stack trace:
#0 /opt/lampp/htdocs/dodmediagroup/frameworks/yii/1.1.16/web/CController.php(270): CController->missingAction('test')
#1 /opt/lampp/htdocs/dodmediagroup/frameworks/yii/1.1.16/web/CWebApplication.php(282): CController->run('test')
#2 /opt/lampp/htdocs/dodmediagroup/frameworks/yii/1.1.16/web/CWebApplication.php(141): CWebApplication->runController('site/test')
#3 /opt/lampp/htdocs/dodmediagroup/frameworks/yii/1.1.16/base/CApplication.php(184): CWebApplication->processRequest()
#4 /opt/lampp/htdocs/dodmediagroup/projects/natural_drops/project/index.php(13): CApplication->run()
#5 {main}
REQUEST_URI=/dodmediagroup/projects/natural_drops/project/test
---
2015/04/01 03:40:11 [error] [exception.CHttpException.404] exception 'CHttpException' with message 'The system is unable to find the requested action "test".' in /opt/lampp/htdocs/dodmediagroup/frameworks/yii/1.1.16/web/CController.php:483
Stack trace:
#0 /opt/lampp/htdocs/dodmediagroup/frameworks/yii/1.1.16/web/CController.php(270): CController->missingAction('test')
#1 /opt/lampp/htdocs/dodmediagroup/frameworks/yii/1.1.16/web/CWebApplication.php(282): CController->run('test')
#2 /opt/lampp/htdocs/dodmediagroup/frameworks/yii/1.1.16/web/CWebApplication.php(141): CWebApplication->runController('site/test')
#3 /opt/lampp/htdocs/dodmediagroup/frameworks/yii/1.1.16/base/CApplication.php(184): CWebApplication->processRequest()
#4 /opt/lampp/htdocs/dodmediagroup/projects/natural_drops/project/index.php(13): CApplication->run()
#5 {main}
REQUEST_URI=/dodmediagroup/projects/natural_drops/project/test
---
2015/04/01 03:40:53 [error] [exception.CHttpException.404] exception 'CHttpException' with message 'The system is unable to find the requested action "test".' in /opt/lampp/htdocs/dodmediagroup/frameworks/yii/1.1.16/web/CController.php:483
Stack trace:
#0 /opt/lampp/htdocs/dodmediagroup/frameworks/yii/1.1.16/web/CController.php(270): CController->missingAction('test')
#1 /opt/lampp/htdocs/dodmediagroup/frameworks/yii/1.1.16/web/CWebApplication.php(282): CController->run('test')
#2 /opt/lampp/htdocs/dodmediagroup/frameworks/yii/1.1.16/web/CWebApplication.php(141): CWebApplication->runController('site/test')
#3 /opt/lampp/htdocs/dodmediagroup/frameworks/yii/1.1.16/base/CApplication.php(184): CWebApplication->processRequest()
#4 /opt/lampp/htdocs/dodmediagroup/projects/natural_drops/project/index.php(13): CApplication->run()
#5 {main}
REQUEST_URI=/dodmediagroup/projects/natural_drops/project/test
---
2015/04/01 03:43:31 [error] [exception.CHttpException.404] exception 'CHttpException' with message 'The system is unable to find the requested action "test".' in /opt/lampp/htdocs/dodmediagroup/frameworks/yii/1.1.16/web/CController.php:483
Stack trace:
#0 /opt/lampp/htdocs/dodmediagroup/frameworks/yii/1.1.16/web/CController.php(270): CController->missingAction('test')
#1 /opt/lampp/htdocs/dodmediagroup/frameworks/yii/1.1.16/web/CWebApplication.php(282): CController->run('test')
#2 /opt/lampp/htdocs/dodmediagroup/frameworks/yii/1.1.16/web/CWebApplication.php(141): CWebApplication->runController('site/test')
#3 /opt/lampp/htdocs/dodmediagroup/frameworks/yii/1.1.16/base/CApplication.php(184): CWebApplication->processRequest()
#4 /opt/lampp/htdocs/dodmediagroup/projects/natural_drops/project/index.php(13): CApplication->run()
#5 {main}
REQUEST_URI=/dodmediagroup/projects/natural_drops/project/test
---
2015/04/01 03:43:39 [error] [exception.CHttpException.404] exception 'CHttpException' with message 'The system is unable to find the requested action "test".' in /opt/lampp/htdocs/dodmediagroup/frameworks/yii/1.1.16/web/CController.php:483
Stack trace:
#0 /opt/lampp/htdocs/dodmediagroup/frameworks/yii/1.1.16/web/CController.php(270): CController->missingAction('test')
#1 /opt/lampp/htdocs/dodmediagroup/frameworks/yii/1.1.16/web/CWebApplication.php(282): CController->run('test')
#2 /opt/lampp/htdocs/dodmediagroup/frameworks/yii/1.1.16/web/CWebApplication.php(141): CWebApplication->runController('site/test')
#3 /opt/lampp/htdocs/dodmediagroup/frameworks/yii/1.1.16/base/CApplication.php(184): CWebApplication->processRequest()
#4 /opt/lampp/htdocs/dodmediagroup/projects/natural_drops/project/index.php(13): CApplication->run()
#5 {main}
REQUEST_URI=/dodmediagroup/projects/natural_drops/project/test
---
2015/04/01 03:44:45 [error] [exception.CHttpException.404] exception 'CHttpException' with message 'The system is unable to find the requested action "test".' in /opt/lampp/htdocs/dodmediagroup/frameworks/yii/1.1.16/web/CController.php:483
Stack trace:
#0 /opt/lampp/htdocs/dodmediagroup/frameworks/yii/1.1.16/web/CController.php(270): CController->missingAction('test')
#1 /opt/lampp/htdocs/dodmediagroup/frameworks/yii/1.1.16/web/CWebApplication.php(282): CController->run('test')
#2 /opt/lampp/htdocs/dodmediagroup/frameworks/yii/1.1.16/web/CWebApplication.php(141): CWebApplication->runController('site/test')
#3 /opt/lampp/htdocs/dodmediagroup/frameworks/yii/1.1.16/base/CApplication.php(184): CWebApplication->processRequest()
#4 /opt/lampp/htdocs/dodmediagroup/projects/natural_drops/project/index.php(13): CApplication->run()
#5 {main}
REQUEST_URI=/dodmediagroup/projects/natural_drops/project/test
---
2015/04/01 03:45:04 [error] [exception.CHttpException.404] exception 'CHttpException' with message 'The system is unable to find the requested action "test".' in /opt/lampp/htdocs/dodmediagroup/frameworks/yii/1.1.16/web/CController.php:483
Stack trace:
#0 /opt/lampp/htdocs/dodmediagroup/frameworks/yii/1.1.16/web/CController.php(270): CController->missingAction('test')
#1 /opt/lampp/htdocs/dodmediagroup/frameworks/yii/1.1.16/web/CWebApplication.php(282): CController->run('test')
#2 /opt/lampp/htdocs/dodmediagroup/frameworks/yii/1.1.16/web/CWebApplication.php(141): CWebApplication->runController('site/test')
#3 /opt/lampp/htdocs/dodmediagroup/frameworks/yii/1.1.16/base/CApplication.php(184): CWebApplication->processRequest()
#4 /opt/lampp/htdocs/dodmediagroup/projects/natural_drops/project/index.php(13): CApplication->run()
#5 {main}
REQUEST_URI=/dodmediagroup/projects/natural_drops/project/test
---
2015/04/01 03:45:53 [error] [exception.CHttpException.404] exception 'CHttpException' with message 'The system is unable to find the requested action "test".' in /opt/lampp/htdocs/dodmediagroup/frameworks/yii/1.1.16/web/CController.php:483
Stack trace:
#0 /opt/lampp/htdocs/dodmediagroup/frameworks/yii/1.1.16/web/CController.php(270): CController->missingAction('test')
#1 /opt/lampp/htdocs/dodmediagroup/frameworks/yii/1.1.16/web/CWebApplication.php(282): CController->run('test')
#2 /opt/lampp/htdocs/dodmediagroup/frameworks/yii/1.1.16/web/CWebApplication.php(141): CWebApplication->runController('site/test')
#3 /opt/lampp/htdocs/dodmediagroup/frameworks/yii/1.1.16/base/CApplication.php(184): CWebApplication->processRequest()
#4 /opt/lampp/htdocs/dodmediagroup/projects/natural_drops/project/index.php(13): CApplication->run()
#5 {main}
REQUEST_URI=/dodmediagroup/projects/natural_drops/project/test
---
2015/04/01 03:49:06 [error] [exception.CHttpException.404] exception 'CHttpException' with message 'The system is unable to find the requested action "test".' in /opt/lampp/htdocs/dodmediagroup/frameworks/yii/1.1.16/web/CController.php:483
Stack trace:
#0 /opt/lampp/htdocs/dodmediagroup/frameworks/yii/1.1.16/web/CController.php(270): CController->missingAction('test')
#1 /opt/lampp/htdocs/dodmediagroup/frameworks/yii/1.1.16/web/CWebApplication.php(282): CController->run('test')
#2 /opt/lampp/htdocs/dodmediagroup/frameworks/yii/1.1.16/web/CWebApplication.php(141): CWebApplication->runController('site/test')
#3 /opt/lampp/htdocs/dodmediagroup/frameworks/yii/1.1.16/base/CApplication.php(184): CWebApplication->processRequest()
#4 /opt/lampp/htdocs/dodmediagroup/projects/natural_drops/project/index.php(13): CApplication->run()
#5 {main}
REQUEST_URI=/dodmediagroup/projects/natural_drops/project/test
---
2015/04/01 03:49:36 [error] [exception.CHttpException.404] exception 'CHttpException' with message 'The system is unable to find the requested action "test".' in /opt/lampp/htdocs/dodmediagroup/frameworks/yii/1.1.16/web/CController.php:483
Stack trace:
#0 /opt/lampp/htdocs/dodmediagroup/frameworks/yii/1.1.16/web/CController.php(270): CController->missingAction('test')
#1 /opt/lampp/htdocs/dodmediagroup/frameworks/yii/1.1.16/web/CWebApplication.php(282): CController->run('test')
#2 /opt/lampp/htdocs/dodmediagroup/frameworks/yii/1.1.16/web/CWebApplication.php(141): CWebApplication->runController('site/test')
#3 /opt/lampp/htdocs/dodmediagroup/frameworks/yii/1.1.16/base/CApplication.php(184): CWebApplication->processRequest()
#4 /opt/lampp/htdocs/dodmediagroup/projects/natural_drops/project/index.php(13): CApplication->run()
#5 {main}
REQUEST_URI=/dodmediagroup/projects/natural_drops/project/test
---
2015/04/01 03:51:14 [error] [exception.CHttpException.404] exception 'CHttpException' with message 'The system is unable to find the requested action "test".' in /opt/lampp/htdocs/dodmediagroup/frameworks/yii/1.1.16/web/CController.php:483
Stack trace:
#0 /opt/lampp/htdocs/dodmediagroup/frameworks/yii/1.1.16/web/CController.php(270): CController->missingAction('test')
#1 /opt/lampp/htdocs/dodmediagroup/frameworks/yii/1.1.16/web/CWebApplication.php(282): CController->run('test')
#2 /opt/lampp/htdocs/dodmediagroup/frameworks/yii/1.1.16/web/CWebApplication.php(141): CWebApplication->runController('site/test')
#3 /opt/lampp/htdocs/dodmediagroup/frameworks/yii/1.1.16/base/CApplication.php(184): CWebApplication->processRequest()
#4 /opt/lampp/htdocs/dodmediagroup/projects/natural_drops/project/index.php(13): CApplication->run()
#5 {main}
REQUEST_URI=/dodmediagroup/projects/natural_drops/project/test
---
2015/04/01 03:51:26 [error] [exception.CHttpException.404] exception 'CHttpException' with message 'The system is unable to find the requested action "test".' in /opt/lampp/htdocs/dodmediagroup/frameworks/yii/1.1.16/web/CController.php:483
Stack trace:
#0 /opt/lampp/htdocs/dodmediagroup/frameworks/yii/1.1.16/web/CController.php(270): CController->missingAction('test')
#1 /opt/lampp/htdocs/dodmediagroup/frameworks/yii/1.1.16/web/CWebApplication.php(282): CController->run('test')
#2 /opt/lampp/htdocs/dodmediagroup/frameworks/yii/1.1.16/web/CWebApplication.php(141): CWebApplication->runController('site/test')
#3 /opt/lampp/htdocs/dodmediagroup/frameworks/yii/1.1.16/base/CApplication.php(184): CWebApplication->processRequest()
#4 /opt/lampp/htdocs/dodmediagroup/projects/natural_drops/project/index.php(13): CApplication->run()
#5 {main}
REQUEST_URI=/dodmediagroup/projects/natural_drops/project/test
---
2015/04/01 03:51:58 [error] [exception.CHttpException.404] exception 'CHttpException' with message 'The system is unable to find the requested action "test".' in /opt/lampp/htdocs/dodmediagroup/frameworks/yii/1.1.16/web/CController.php:483
Stack trace:
#0 /opt/lampp/htdocs/dodmediagroup/frameworks/yii/1.1.16/web/CController.php(270): CController->missingAction('test')
#1 /opt/lampp/htdocs/dodmediagroup/frameworks/yii/1.1.16/web/CWebApplication.php(282): CController->run('test')
#2 /opt/lampp/htdocs/dodmediagroup/frameworks/yii/1.1.16/web/CWebApplication.php(141): CWebApplication->runController('site/test')
#3 /opt/lampp/htdocs/dodmediagroup/frameworks/yii/1.1.16/base/CApplication.php(184): CWebApplication->processRequest()
#4 /opt/lampp/htdocs/dodmediagroup/projects/natural_drops/project/index.php(13): CApplication->run()
#5 {main}
REQUEST_URI=/dodmediagroup/projects/natural_drops/project/test
---
2015/04/01 03:52:26 [error] [exception.CHttpException.404] exception 'CHttpException' with message 'The system is unable to find the requested action "test".' in /opt/lampp/htdocs/dodmediagroup/frameworks/yii/1.1.16/web/CController.php:483
Stack trace:
#0 /opt/lampp/htdocs/dodmediagroup/frameworks/yii/1.1.16/web/CController.php(270): CController->missingAction('test')
#1 /opt/lampp/htdocs/dodmediagroup/frameworks/yii/1.1.16/web/CWebApplication.php(282): CController->run('test')
#2 /opt/lampp/htdocs/dodmediagroup/frameworks/yii/1.1.16/web/CWebApplication.php(141): CWebApplication->runController('site/test')
#3 /opt/lampp/htdocs/dodmediagroup/frameworks/yii/1.1.16/base/CApplication.php(184): CWebApplication->processRequest()
#4 /opt/lampp/htdocs/dodmediagroup/projects/natural_drops/project/index.php(13): CApplication->run()
#5 {main}
REQUEST_URI=/dodmediagroup/projects/natural_drops/project/test
---
2015/04/01 03:52:44 [error] [exception.CHttpException.404] exception 'CHttpException' with message 'The system is unable to find the requested action "test".' in /opt/lampp/htdocs/dodmediagroup/frameworks/yii/1.1.16/web/CController.php:483
Stack trace:
#0 /opt/lampp/htdocs/dodmediagroup/frameworks/yii/1.1.16/web/CController.php(270): CController->missingAction('test')
#1 /opt/lampp/htdocs/dodmediagroup/frameworks/yii/1.1.16/web/CWebApplication.php(282): CController->run('test')
#2 /opt/lampp/htdocs/dodmediagroup/frameworks/yii/1.1.16/web/CWebApplication.php(141): CWebApplication->runController('site/test')
#3 /opt/lampp/htdocs/dodmediagroup/frameworks/yii/1.1.16/base/CApplication.php(184): CWebApplication->processRequest()
#4 /opt/lampp/htdocs/dodmediagroup/projects/natural_drops/project/index.php(13): CApplication->run()
#5 {main}
REQUEST_URI=/dodmediagroup/projects/natural_drops/project/test
---
2015/04/01 03:53:35 [error] [exception.CHttpException.404] exception 'CHttpException' with message 'The system is unable to find the requested action "test".' in /opt/lampp/htdocs/dodmediagroup/frameworks/yii/1.1.16/web/CController.php:483
Stack trace:
#0 /opt/lampp/htdocs/dodmediagroup/frameworks/yii/1.1.16/web/CController.php(270): CController->missingAction('test')
#1 /opt/lampp/htdocs/dodmediagroup/frameworks/yii/1.1.16/web/CWebApplication.php(282): CController->run('test')
#2 /opt/lampp/htdocs/dodmediagroup/frameworks/yii/1.1.16/web/CWebApplication.php(141): CWebApplication->runController('site/test')
#3 /opt/lampp/htdocs/dodmediagroup/frameworks/yii/1.1.16/base/CApplication.php(184): CWebApplication->processRequest()
#4 /opt/lampp/htdocs/dodmediagroup/projects/natural_drops/project/index.php(13): CApplication->run()
#5 {main}
REQUEST_URI=/dodmediagroup/projects/natural_drops/project/test
---
2015/04/01 03:54:30 [error] [exception.CHttpException.404] exception 'CHttpException' with message 'The system is unable to find the requested action "test".' in /opt/lampp/htdocs/dodmediagroup/frameworks/yii/1.1.16/web/CController.php:483
Stack trace:
#0 /opt/lampp/htdocs/dodmediagroup/frameworks/yii/1.1.16/web/CController.php(270): CController->missingAction('test')
#1 /opt/lampp/htdocs/dodmediagroup/frameworks/yii/1.1.16/web/CWebApplication.php(282): CController->run('test')
#2 /opt/lampp/htdocs/dodmediagroup/frameworks/yii/1.1.16/web/CWebApplication.php(141): CWebApplication->runController('site/test')
#3 /opt/lampp/htdocs/dodmediagroup/frameworks/yii/1.1.16/base/CApplication.php(184): CWebApplication->processRequest()
#4 /opt/lampp/htdocs/dodmediagroup/projects/natural_drops/project/index.php(13): CApplication->run()
#5 {main}
REQUEST_URI=/dodmediagroup/projects/natural_drops/project/test
---
2015/04/01 03:55:27 [error] [exception.CHttpException.404] exception 'CHttpException' with message 'The system is unable to find the requested action "test".' in /opt/lampp/htdocs/dodmediagroup/frameworks/yii/1.1.16/web/CController.php:483
Stack trace:
#0 /opt/lampp/htdocs/dodmediagroup/frameworks/yii/1.1.16/web/CController.php(270): CController->missingAction('test')
#1 /opt/lampp/htdocs/dodmediagroup/frameworks/yii/1.1.16/web/CWebApplication.php(282): CController->run('test')
#2 /opt/lampp/htdocs/dodmediagroup/frameworks/yii/1.1.16/web/CWebApplication.php(141): CWebApplication->runController('site/test')
#3 /opt/lampp/htdocs/dodmediagroup/frameworks/yii/1.1.16/base/CApplication.php(184): CWebApplication->processRequest()
#4 /opt/lampp/htdocs/dodmediagroup/projects/natural_drops/project/index.php(13): CApplication->run()
#5 {main}
REQUEST_URI=/dodmediagroup/projects/natural_drops/project/test
---
2015/04/01 03:57:04 [error] [exception.CHttpException.404] exception 'CHttpException' with message 'The system is unable to find the requested action "test".' in /opt/lampp/htdocs/dodmediagroup/frameworks/yii/1.1.16/web/CController.php:483
Stack trace:
#0 /opt/lampp/htdocs/dodmediagroup/frameworks/yii/1.1.16/web/CController.php(270): CController->missingAction('test')
#1 /opt/lampp/htdocs/dodmediagroup/frameworks/yii/1.1.16/web/CWebApplication.php(282): CController->run('test')
#2 /opt/lampp/htdocs/dodmediagroup/frameworks/yii/1.1.16/web/CWebApplication.php(141): CWebApplication->runController('site/test')
#3 /opt/lampp/htdocs/dodmediagroup/frameworks/yii/1.1.16/base/CApplication.php(184): CWebApplication->processRequest()
#4 /opt/lampp/htdocs/dodmediagroup/projects/natural_drops/project/index.php(13): CApplication->run()
#5 {main}
REQUEST_URI=/dodmediagroup/projects/natural_drops/project/test
---
2015/04/01 03:57:40 [error] [exception.CHttpException.404] exception 'CHttpException' with message 'The system is unable to find the requested action "test".' in /opt/lampp/htdocs/dodmediagroup/frameworks/yii/1.1.16/web/CController.php:483
Stack trace:
#0 /opt/lampp/htdocs/dodmediagroup/frameworks/yii/1.1.16/web/CController.php(270): CController->missingAction('test')
#1 /opt/lampp/htdocs/dodmediagroup/frameworks/yii/1.1.16/web/CWebApplication.php(282): CController->run('test')
#2 /opt/lampp/htdocs/dodmediagroup/frameworks/yii/1.1.16/web/CWebApplication.php(141): CWebApplication->runController('site/test')
#3 /opt/lampp/htdocs/dodmediagroup/frameworks/yii/1.1.16/base/CApplication.php(184): CWebApplication->processRequest()
#4 /opt/lampp/htdocs/dodmediagroup/projects/natural_drops/project/index.php(13): CApplication->run()
#5 {main}
REQUEST_URI=/dodmediagroup/projects/natural_drops/project/test
---
2015/04/01 03:58:35 [error] [exception.CHttpException.404] exception 'CHttpException' with message 'The system is unable to find the requested action "test".' in /opt/lampp/htdocs/dodmediagroup/frameworks/yii/1.1.16/web/CController.php:483
Stack trace:
#0 /opt/lampp/htdocs/dodmediagroup/frameworks/yii/1.1.16/web/CController.php(270): CController->missingAction('test')
#1 /opt/lampp/htdocs/dodmediagroup/frameworks/yii/1.1.16/web/CWebApplication.php(282): CController->run('test')
#2 /opt/lampp/htdocs/dodmediagroup/frameworks/yii/1.1.16/web/CWebApplication.php(141): CWebApplication->runController('site/test')
#3 /opt/lampp/htdocs/dodmediagroup/frameworks/yii/1.1.16/base/CApplication.php(184): CWebApplication->processRequest()
#4 /opt/lampp/htdocs/dodmediagroup/projects/natural_drops/project/index.php(13): CApplication->run()
#5 {main}
REQUEST_URI=/dodmediagroup/projects/natural_drops/project/test
---
2015/04/01 04:02:13 [error] [exception.CHttpException.404] exception 'CHttpException' with message 'The system is unable to find the requested action "test".' in /opt/lampp/htdocs/dodmediagroup/frameworks/yii/1.1.16/web/CController.php:483
Stack trace:
#0 /opt/lampp/htdocs/dodmediagroup/frameworks/yii/1.1.16/web/CController.php(270): CController->missingAction('test')
#1 /opt/lampp/htdocs/dodmediagroup/frameworks/yii/1.1.16/web/CWebApplication.php(282): CController->run('test')
#2 /opt/lampp/htdocs/dodmediagroup/frameworks/yii/1.1.16/web/CWebApplication.php(141): CWebApplication->runController('site/test')
#3 /opt/lampp/htdocs/dodmediagroup/frameworks/yii/1.1.16/base/CApplication.php(184): CWebApplication->processRequest()
#4 /opt/lampp/htdocs/dodmediagroup/projects/natural_drops/project/index.php(13): CApplication->run()
#5 {main}
REQUEST_URI=/dodmediagroup/projects/natural_drops/project/test
---
2015/04/01 04:06:45 [error] [exception.CHttpException.404] exception 'CHttpException' with message 'The system is unable to find the requested action "test".' in /opt/lampp/htdocs/dodmediagroup/frameworks/yii/1.1.16/web/CController.php:483
Stack trace:
#0 /opt/lampp/htdocs/dodmediagroup/frameworks/yii/1.1.16/web/CController.php(270): CController->missingAction('test')
#1 /opt/lampp/htdocs/dodmediagroup/frameworks/yii/1.1.16/web/CWebApplication.php(282): CController->run('test')
#2 /opt/lampp/htdocs/dodmediagroup/frameworks/yii/1.1.16/web/CWebApplication.php(141): CWebApplication->runController('site/test')
#3 /opt/lampp/htdocs/dodmediagroup/frameworks/yii/1.1.16/base/CApplication.php(184): CWebApplication->processRequest()
#4 /opt/lampp/htdocs/dodmediagroup/projects/natural_drops/project/index.php(13): CApplication->run()
#5 {main}
REQUEST_URI=/dodmediagroup/projects/natural_drops/project/test
---
2015/04/01 04:07:02 [error] [exception.CHttpException.404] exception 'CHttpException' with message 'The system is unable to find the requested action "test".' in /opt/lampp/htdocs/dodmediagroup/frameworks/yii/1.1.16/web/CController.php:483
Stack trace:
#0 /opt/lampp/htdocs/dodmediagroup/frameworks/yii/1.1.16/web/CController.php(270): CController->missingAction('test')
#1 /opt/lampp/htdocs/dodmediagroup/frameworks/yii/1.1.16/web/CWebApplication.php(282): CController->run('test')
#2 /opt/lampp/htdocs/dodmediagroup/frameworks/yii/1.1.16/web/CWebApplication.php(141): CWebApplication->runController('site/test')
#3 /opt/lampp/htdocs/dodmediagroup/frameworks/yii/1.1.16/base/CApplication.php(184): CWebApplication->processRequest()
#4 /opt/lampp/htdocs/dodmediagroup/projects/natural_drops/project/index.php(13): CApplication->run()
#5 {main}
REQUEST_URI=/dodmediagroup/projects/natural_drops/project/test
---
2015/04/01 04:07:29 [error] [exception.CHttpException.404] exception 'CHttpException' with message 'The system is unable to find the requested action "test".' in /opt/lampp/htdocs/dodmediagroup/frameworks/yii/1.1.16/web/CController.php:483
Stack trace:
#0 /opt/lampp/htdocs/dodmediagroup/frameworks/yii/1.1.16/web/CController.php(270): CController->missingAction('test')
#1 /opt/lampp/htdocs/dodmediagroup/frameworks/yii/1.1.16/web/CWebApplication.php(282): CController->run('test')
#2 /opt/lampp/htdocs/dodmediagroup/frameworks/yii/1.1.16/web/CWebApplication.php(141): CWebApplication->runController('site/test')
#3 /opt/lampp/htdocs/dodmediagroup/frameworks/yii/1.1.16/base/CApplication.php(184): CWebApplication->processRequest()
#4 /opt/lampp/htdocs/dodmediagroup/projects/natural_drops/project/index.php(13): CApplication->run()
#5 {main}
REQUEST_URI=/dodmediagroup/projects/natural_drops/project/test
---
2015/04/01 04:07:43 [error] [exception.CHttpException.404] exception 'CHttpException' with message 'The system is unable to find the requested action "test".' in /opt/lampp/htdocs/dodmediagroup/frameworks/yii/1.1.16/web/CController.php:483
Stack trace:
#0 /opt/lampp/htdocs/dodmediagroup/frameworks/yii/1.1.16/web/CController.php(270): CController->missingAction('test')
#1 /opt/lampp/htdocs/dodmediagroup/frameworks/yii/1.1.16/web/CWebApplication.php(282): CController->run('test')
#2 /opt/lampp/htdocs/dodmediagroup/frameworks/yii/1.1.16/web/CWebApplication.php(141): CWebApplication->runController('site/test')
#3 /opt/lampp/htdocs/dodmediagroup/frameworks/yii/1.1.16/base/CApplication.php(184): CWebApplication->processRequest()
#4 /opt/lampp/htdocs/dodmediagroup/projects/natural_drops/project/index.php(13): CApplication->run()
#5 {main}
REQUEST_URI=/dodmediagroup/projects/natural_drops/project/test
---
2015/04/01 04:07:53 [error] [exception.CHttpException.404] exception 'CHttpException' with message 'The system is unable to find the requested action "test".' in /opt/lampp/htdocs/dodmediagroup/frameworks/yii/1.1.16/web/CController.php:483
Stack trace:
#0 /opt/lampp/htdocs/dodmediagroup/frameworks/yii/1.1.16/web/CController.php(270): CController->missingAction('test')
#1 /opt/lampp/htdocs/dodmediagroup/frameworks/yii/1.1.16/web/CWebApplication.php(282): CController->run('test')
#2 /opt/lampp/htdocs/dodmediagroup/frameworks/yii/1.1.16/web/CWebApplication.php(141): CWebApplication->runController('site/test')
#3 /opt/lampp/htdocs/dodmediagroup/frameworks/yii/1.1.16/base/CApplication.php(184): CWebApplication->processRequest()
#4 /opt/lampp/htdocs/dodmediagroup/projects/natural_drops/project/index.php(13): CApplication->run()
#5 {main}
REQUEST_URI=/dodmediagroup/projects/natural_drops/project/test
---
2015/04/01 04:09:40 [error] [exception.CHttpException.404] exception 'CHttpException' with message 'The system is unable to find the requested action "test".' in /opt/lampp/htdocs/dodmediagroup/frameworks/yii/1.1.16/web/CController.php:483
Stack trace:
#0 /opt/lampp/htdocs/dodmediagroup/frameworks/yii/1.1.16/web/CController.php(270): CController->missingAction('test')
#1 /opt/lampp/htdocs/dodmediagroup/frameworks/yii/1.1.16/web/CWebApplication.php(282): CController->run('test')
#2 /opt/lampp/htdocs/dodmediagroup/frameworks/yii/1.1.16/web/CWebApplication.php(141): CWebApplication->runController('site/test')
#3 /opt/lampp/htdocs/dodmediagroup/frameworks/yii/1.1.16/base/CApplication.php(184): CWebApplication->processRequest()
#4 /opt/lampp/htdocs/dodmediagroup/projects/natural_drops/project/index.php(13): CApplication->run()
#5 {main}
REQUEST_URI=/dodmediagroup/projects/natural_drops/project/test
---
2015/04/01 04:10:23 [error] [exception.CHttpException.404] exception 'CHttpException' with message 'The system is unable to find the requested action "test".' in /opt/lampp/htdocs/dodmediagroup/frameworks/yii/1.1.16/web/CController.php:483
Stack trace:
#0 /opt/lampp/htdocs/dodmediagroup/frameworks/yii/1.1.16/web/CController.php(270): CController->missingAction('test')
#1 /opt/lampp/htdocs/dodmediagroup/frameworks/yii/1.1.16/web/CWebApplication.php(282): CController->run('test')
#2 /opt/lampp/htdocs/dodmediagroup/frameworks/yii/1.1.16/web/CWebApplication.php(141): CWebApplication->runController('site/test')
#3 /opt/lampp/htdocs/dodmediagroup/frameworks/yii/1.1.16/base/CApplication.php(184): CWebApplication->processRequest()
#4 /opt/lampp/htdocs/dodmediagroup/projects/natural_drops/project/index.php(13): CApplication->run()
#5 {main}
REQUEST_URI=/dodmediagroup/projects/natural_drops/project/test
---
2015/04/01 04:10:43 [error] [exception.CHttpException.404] exception 'CHttpException' with message 'The system is unable to find the requested action "test".' in /opt/lampp/htdocs/dodmediagroup/frameworks/yii/1.1.16/web/CController.php:483
Stack trace:
#0 /opt/lampp/htdocs/dodmediagroup/frameworks/yii/1.1.16/web/CController.php(270): CController->missingAction('test')
#1 /opt/lampp/htdocs/dodmediagroup/frameworks/yii/1.1.16/web/CWebApplication.php(282): CController->run('test')
#2 /opt/lampp/htdocs/dodmediagroup/frameworks/yii/1.1.16/web/CWebApplication.php(141): CWebApplication->runController('site/test')
#3 /opt/lampp/htdocs/dodmediagroup/frameworks/yii/1.1.16/base/CApplication.php(184): CWebApplication->processRequest()
#4 /opt/lampp/htdocs/dodmediagroup/projects/natural_drops/project/index.php(13): CApplication->run()
#5 {main}
REQUEST_URI=/dodmediagroup/projects/natural_drops/project/test
---
2015/04/01 04:12:13 [error] [exception.CHttpException.404] exception 'CHttpException' with message 'The system is unable to find the requested action "test".' in /opt/lampp/htdocs/dodmediagroup/frameworks/yii/1.1.16/web/CController.php:483
Stack trace:
#0 /opt/lampp/htdocs/dodmediagroup/frameworks/yii/1.1.16/web/CController.php(270): CController->missingAction('test')
#1 /opt/lampp/htdocs/dodmediagroup/frameworks/yii/1.1.16/web/CWebApplication.php(282): CController->run('test')
#2 /opt/lampp/htdocs/dodmediagroup/frameworks/yii/1.1.16/web/CWebApplication.php(141): CWebApplication->runController('site/test')
#3 /opt/lampp/htdocs/dodmediagroup/frameworks/yii/1.1.16/base/CApplication.php(184): CWebApplication->processRequest()
#4 /opt/lampp/htdocs/dodmediagroup/projects/natural_drops/project/index.php(13): CApplication->run()
#5 {main}
REQUEST_URI=/dodmediagroup/projects/natural_drops/project/test
---
